 -------------------------------------------------------- 
         output file of synthesis: settings               
 -------------------------------------------------------- 
 Display level:                                           0
 size of the population:                                  80
 generation alteration cycle:                             1000
 number of segments in each circuit:                      20
 mutation probability is                                  0.15
 mutation of crossover is                                 0.85
 factor Alpha is                                          0.8
 factor Beta is                                           0.1
 factor Alpha1 is                                         1
 factor Beta1 is                                          1
 estimated minimum cost of this circuit                   10
 phase used                                               0
 Valuedness of designed logic                              2
 measurement used                                         1
 measured bits are                                        0 
(1,0)(0,0)(1,0)(0,0)(1,0)(0,0)(0,0)(1,0)
(0,0)(1,0)(0,0)(1,0)(0,0)(1,0)(1,0)(0,0)
 -------------------------------------- 
 type of GA 0 - normal, 1 - Darwinian                     0
 type of mutation 0 - normal, 1 - bitwise                 0
 type of crossover 0 - 1point, 1 - 2point                 0
 type of replication 0 - RW, 1 - SUS                      1
 type of fitness 0 - simplest, 3 - complex                1
 type of fitness calculation 0 - individual, 1 - grouped  0
 Pareto optimization 0 - no, 1 - yes                      0
 Threshold replication 0 - no, other - threshold          0.6
 The number of wires the final circuit has:               3
 -------------------------------------------------------- 
          output file of synthesis: input gates           
 -------------------------------------------------------- 
The radix of this logic is 2
!
  Cost of the gate  1
  IO of the gate  1
The name of this gate is: wire
(1,0) (0,0) 
(0,0) (1,0) 
"
  Cost of the gate  1
  IO of the gate  1
The name of this gate is: rxPi
(0,0) (0,-1) 
(0,-1) (0,0) 
#
  Cost of the gate  1
  IO of the gate  1
The name of this gate is: rx-Pi
(0,0) (0,1) 
(0,1) (0,0) 
$
  Cost of the gate  1
  IO of the gate  1
The name of this gate is: rxPi/2
(0.70711,0) (0,-0.70711) 
(0,-0.70711) (0.70711,0) 
%
  Cost of the gate  1
  IO of the gate  1
The name of this gate is: rx-Pi/2
(0.70711,0) (0,0.70711) 
(0,0.70711) (0.70711,0) 
&
  Cost of the gate  1
  IO of the gate  1
The name of this gate is: ryPi
(0,0) (-1,0) 
(1,0) (0,0) 
'
  Cost of the gate  1
  IO of the gate  1
The name of this gate is: ry-Pi
(0,0) (1,0) 
(-1,0) (0,0) 
(
  Cost of the gate  1
  IO of the gate  1
The name of this gate is: ryPi/2
(0.70711,0) (-0.70711,0) 
(0.70711,0) (0.70711,0) 
)
  Cost of the gate  1
  IO of the gate  1
The name of this gate is: ry-Pi/2
(0.70711,0) (0.70711,0) 
(-0.70711,0) (0.70711,0) 
*
  Cost of the gate  1
  IO of the gate  1
The name of this gate is: rzPi
(0,-1) (0,0) 
(0,0) (0,1) 
+
  Cost of the gate  1
  IO of the gate  1
The name of this gate is: rz-Pi
(0,1) (0,0) 
(0,0) (0,-1) 
,
  Cost of the gate  1
  IO of the gate  1
The name of this gate is: rzPi/2
(0.70711,-0.70711) (0,0) 
(0,0) (0.70711,0.70711) 
-
  Cost of the gate  1
  IO of the gate  1
The name of this gate is: rz-Pi/2
(0.70711,0.70711) (0,0) 
(0,0) (0.70711,-0.70711) 
.
  Cost of the gate  2
  IO of the gate  2
The name of this gate is: izPi
(0,-1) (0,0) (0,0) (0,0) 
(0,0) (0,1) (0,0) (0,0) 
(0,0) (0,0) (0,1) (0,0) 
(0,0) (0,0) (0,0) (0,-1) 
/
  Cost of the gate  2
  IO of the gate  2
The name of this gate is: iz-Pi
(0,1) (0,0) (0,0) (0,0) 
(0,0) (0,-1) (0,0) (0,0) 
(0,0) (0,0) (0,-1) (0,0) 
(0,0) (0,0) (0,0) (0,1) 
0
  Cost of the gate  2
  IO of the gate  2
The name of this gate is: izPi/2
(0.70711,-0.70711) (0,0) (0,0) (0,0) 
(0,0) (0.70711,0.70711) (0,0) (0,0) 
(0,0) (0,0) (0.70711,0.70711) (0,0) 
(0,0) (0,0) (0,0) (0.70711,-0.70711) 
1
  Cost of the gate  2
  IO of the gate  2
The name of this gate is: iz-Pi/2
(0.70711,0.70711) (0,0) (0,0) (0,0) 
(0,0) (0.70711,-0.70711) (0,0) (0,0) 
(0,0) (0,0) (0.70711,-0.70711) (0,0) 
(0,0) (0,0) (0,0) (0.70711,0.70711) 
3
  Cost of the gate  0
  IO of the gate  3
The name of this gate is: iIz-Pi/2
(0.70711,0.70711) (0,0) (0,0) (0,0) (0,0) (0,0) (0,0) (0,0) 
(0,0) (0.70711,-0.70711) (0,0) (0,0) (0,0) (0,0) (0,0) (0,0) 
(0,0) (0,0) (0.70711,0.70711) (0,0) (0,0) (0,0) (0,0) (0,0) 
(0,0) (0,0) (0,0) (0.70711,-0.70711) (0,0) (0,0) (0,0) (0,0) 
(0,0) (0,0) (0,0) (0,0) (0.70711,-0.70711) (0,0) (0,0) (0,0) 
(0,0) (0,0) (0,0) (0,0) (0,0) (0.70711,0.70711) (0,0) (0,0) 
(0,0) (0,0) (0,0) (0,0) (0,0) (0,0) (0.70711,-0.70711) (0,0) 
(0,0) (0,0) (0,0) (0,0) (0,0) (0,0) (0,0) (0.70711,0.70711) 
4
  Cost of the gate  0
  IO of the gate  3
The name of this gate is: iIzPi/2
(0.70711,-0.70711) (0,0) (0,0) (0,0) (0,0) (0,0) (0,0) (0,0) 
(0,0) (0.70711,0.70711) (0,0) (0,0) (0,0) (0,0) (0,0) (0,0) 
(0,0) (0,0) (0.70711,-0.70711) (0,0) (0,0) (0,0) (0,0) (0,0) 
(0,0) (0,0) (0,0) (0.70711,0.70711) (0,0) (0,0) (0,0) (0,0) 
(0,0) (0,0) (0,0) (0,0) (0.70711,0.70711) (0,0) (0,0) (0,0) 
(0,0) (0,0) (0,0) (0,0) (0,0) (0.70711,-0.70711) (0,0) (0,0) 
(0,0) (0,0) (0,0) (0,0) (0,0) (0,0) (0.70711,0.70711) (0,0) 
(0,0) (0,0) (0,0) (0,0) (0,0) (0,0) (0,0) (0.70711,-0.70711) 
5
  Cost of the gate  0
  IO of the gate  3
The name of this gate is: iIz-Pi
(0,1) (0,0) (0,0) (0,0) (0,0) (0,0) (0,0) (0,0) 
(0,0) (0,-1) (0,0) (0,0) (0,0) (0,0) (0,0) (0,0) 
(0,0) (0,0) (0,1) (0,0) (0,0) (0,0) (0,0) (0,0) 
(0,0) (0,0) (0,0) (0,-1) (0,0) (0,0) (0,0) (0,0) 
(0,0) (0,0) (0,0) (0,0) (0,-1) (0,0) (0,0) (0,0) 
(0,0) (0,0) (0,0) (0,0) (0,0) (0,1) (0,0) (0,0) 
(0,0) (0,0) (0,0) (0,0) (0,0) (0,0) (0,-1) (0,0) 
(0,0) (0,0) (0,0) (0,0) (0,0) (0,0) (0,0) (0,1) 
6
  Cost of the gate  0
  IO of the gate  3
The name of this gate is: iIzPi
(0,-1) (0,0) (0,0) (0,0) (0,0) (0,0) (0,0) (0,0) 
(0,0) (0,1) (0,0) (0,0) (0,0) (0,0) (0,0) (0,0) 
(0,0) (0,0) (0,-1) (0,0) (0,0) (0,0) (0,0) (0,0) 
(0,0) (0,0) (0,0) (0,1) (0,0) (0,0) (0,0) (0,0) 
(0,0) (0,0) (0,0) (0,0) (0,1) (0,0) (0,0) (0,0) 
(0,0) (0,0) (0,0) (0,0) (0,0) (0,-1) (0,0) (0,0) 
(0,0) (0,0) (0,0) (0,0) (0,0) (0,0) (0,1) (0,0) 
(0,0) (0,0) (0,0) (0,0) (0,0) (0,0) (0,0) (0,-1) 
Observables:  
Desirded Qubits of the whole system: 3
Desirded Valuedness: 2

Measurement Gates:
measurement for 0 on the 0  th qubit
  IO of the gate  3
(1,0) (0,0) (0,0) (0,0) (0,0) (0,0) (0,0) (0,0) 
(0,0) (0,0) (0,0) (0,0) (0,0) (0,0) (0,0) (0,0) 
(0,0) (0,0) (1,0) (0,0) (0,0) (0,0) (0,0) (0,0) 
(0,0) (0,0) (0,0) (0,0) (0,0) (0,0) (0,0) (0,0) 
(0,0) (0,0) (0,0) (0,0) (1,0) (0,0) (0,0) (0,0) 
(0,0) (0,0) (0,0) (0,0) (0,0) (0,0) (0,0) (0,0) 
(0,0) (0,0) (0,0) (0,0) (0,0) (0,0) (1,0) (0,0) 
(0,0) (0,0) (0,0) (0,0) (0,0) (0,0) (0,0) (0,0) 
Measurement Gates:
measurement for 1 on the 0  th qubit
  IO of the gate  3
(0,0) (0,0) (0,0) (0,0) (0,0) (0,0) (0,0) (0,0) 
(0,0) (1,0) (0,0) (0,0) (0,0) (0,0) (0,0) (0,0) 
(0,0) (0,0) (0,0) (0,0) (0,0) (0,0) (0,0) (0,0) 
(0,0) (0,0) (0,0) (1,0) (0,0) (0,0) (0,0) (0,0) 
(0,0) (0,0) (0,0) (0,0) (0,0) (0,0) (0,0) (0,0) 
(0,0) (0,0) (0,0) (0,0) (0,0) (1,0) (0,0) (0,0) 
(0,0) (0,0) (0,0) (0,0) (0,0) (0,0) (0,0) (0,0) 
(0,0) (0,0) (0,0) (0,0) (0,0) (0,0) (0,0) (1,0) 
Measurement Gates:
measurement for 0 on the 1  th qubit
  IO of the gate  3
(1,0) (0,0) (0,0) (0,0) (0,0) (0,0) (0,0) (0,0) 
(0,0) (1,0) (0,0) (0,0) (0,0) (0,0) (0,0) (0,0) 
(0,0) (0,0) (0,0) (0,0) (0,0) (0,0) (0,0) (0,0) 
(0,0) (0,0) (0,0) (0,0) (0,0) (0,0) (0,0) (0,0) 
(0,0) (0,0) (0,0) (0,0) (1,0) (0,0) (0,0) (0,0) 
(0,0) (0,0) (0,0) (0,0) (0,0) (1,0) (0,0) (0,0) 
(0,0) (0,0) (0,0) (0,0) (0,0) (0,0) (0,0) (0,0) 
(0,0) (0,0) (0,0) (0,0) (0,0) (0,0) (0,0) (0,0) 
Measurement Gates:
measurement for 1 on the 1  th qubit
  IO of the gate  3
(0,0) (0,0) (0,0) (0,0) (0,0) (0,0) (0,0) (0,0) 
(0,0) (0,0) (0,0) (0,0) (0,0) (0,0) (0,0) (0,0) 
(0,0) (0,0) (1,0) (0,0) (0,0) (0,0) (0,0) (0,0) 
(0,0) (0,0) (0,0) (1,0) (0,0) (0,0) (0,0) (0,0) 
(0,0) (0,0) (0,0) (0,0) (0,0) (0,0) (0,0) (0,0) 
(0,0) (0,0) (0,0) (0,0) (0,0) (0,0) (0,0) (0,0) 
(0,0) (0,0) (0,0) (0,0) (0,0) (0,0) (1,0) (0,0) 
(0,0) (0,0) (0,0) (0,0) (0,0) (0,0) (0,0) (1,0) 
Measurement Gates:
measurement for 0 on the 2  th qubit
  IO of the gate  3
(1,0) (0,0) (0,0) (0,0) (0,0) (0,0) (0,0) (0,0) 
(0,0) (1,0) (0,0) (0,0) (0,0) (0,0) (0,0) (0,0) 
(0,0) (0,0) (1,0) (0,0) (0,0) (0,0) (0,0) (0,0) 
(0,0) (0,0) (0,0) (1,0) (0,0) (0,0) (0,0) (0,0) 
(0,0) (0,0) (0,0) (0,0) (0,0) (0,0) (0,0) (0,0) 
(0,0) (0,0) (0,0) (0,0) (0,0) (0,0) (0,0) (0,0) 
(0,0) (0,0) (0,0) (0,0) (0,0) (0,0) (0,0) (0,0) 
(0,0) (0,0) (0,0) (0,0) (0,0) (0,0) (0,0) (0,0) 
Measurement Gates:
measurement for 1 on the 2  th qubit
  IO of the gate  3
(0,0) (0,0) (0,0) (0,0) (0,0) (0,0) (0,0) (0,0) 
(0,0) (0,0) (0,0) (0,0) (0,0) (0,0) (0,0) (0,0) 
(0,0) (0,0) (0,0) (0,0) (0,0) (0,0) (0,0) (0,0) 
(0,0) (0,0) (0,0) (0,0) (0,0) (0,0) (0,0) (0,0) 
(0,0) (0,0) (0,0) (0,0) (1,0) (0,0) (0,0) (0,0) 
(0,0) (0,0) (0,0) (0,0) (0,0) (1,0) (0,0) (0,0) 
(0,0) (0,0) (0,0) (0,0) (0,0) (0,0) (1,0) (0,0) 
(0,0) (0,0) (0,0) (0,0) (0,0) (0,0) (0,0) (1,0) 
Error: 0.5
Fitness: 0.666667
Valuedness: 2
Matrix: 
(-1.4637e-18,0)(1.4637e-18,0)(0,0)(0,0)(0.707181,0)(0.707181,0)(0,0)(0,0)
(0,-0.707181)(0,-0.707181)(0,0)(0,0)(0,-1.4637e-18)(0,1.4637e-18)(0,0)(0,0)
(0,0)(0,0)(0,-0.707181)(0,0.707181)(0,0)(0,0)(0,1.4637e-18)(0,1.4637e-18)
(0,0)(0,0)(1.4637e-18,0)(1.4637e-18,0)(0,0)(0,0)(0.707181,0)(-0.707181,0)
(-0.707181,0)(0.707181,0)(0,0)(0,0)(1.4637e-18,0)(1.4637e-18,0)(0,0)(0,0)
(0,1.4637e-18)(0,1.4637e-18)(0,0)(0,0)(0,0.707181)(0,-0.707181)(0,0)(0,0)
(0,0)(0,0)(0,-1.4637e-18)(0,1.4637e-18)(0,0)(0,0)(0,0.707181)(0,0.707181)
(0,0)(0,0)(-0.707181,0)(-0.707181,0)(0,0)(0,0)(-1.4637e-18,0)(1.4637e-18,0)

 -------- 

Initialization done
---------------------------
 Generation at 0
---------------------------
----- Best Individual -----
3 <- number of inputs 
p!0pp+0pp5pp/+pp3pp6pp1%pp/+pp+.pp#/pp1&pp4pp4pp(1pp(/pp+.pp%)#pp0)pp"!*pp,0p <- Representation 
0.79995 <- Fitness 
0.250077 <- Error 
0 <- Cost 
2 <- Radix 
---------------------------
---------------------------
 Generation at 0
---------------------------
----- Best Individual -----
3 <- number of inputs 
p/#pp4pp-1pp+#"pp4pp+/pp0!pp6pp6pp/+p <- Representation 
0.799985 <- Fitness 
0.250023 <- Error 
0 <- Cost 
2 <- Radix 
---------------------------
