This file contains any messages produced by compilers while
running configure, to aid debugging if configure makes a mistake.

It was created by FULL-PACKAGE-NAME configure VERSION, which was
generated by GNU Autoconf 2.61.  Invocation command line was

  $ ./configure --with-ternary --with-cudart=/usr/local/cuda --with-gslblas=/usr/local/gsl64 --with-cudasdk=/home/kameyama/lukacm/NVIDIA_GPU_Computing_SDK/C --no-create --no-recursion

## --------- ##
## Platform. ##
## --------- ##

hostname = UltraSim
uname -m = x86_64
uname -r = 2.6.25.5-1.1-default
uname -s = Linux
uname -v = #1 SMP 2008-06-07 01:55:22 +0200

/usr/bin/uname -p = unknown
/bin/uname -X     = unknown

/bin/arch              = x86_64
/usr/bin/arch -k       = unknown
/usr/convex/getsysinfo = unknown
/usr/bin/hostinfo      = unknown
/bin/machine           = unknown
/usr/bin/oslevel       = unknown
/bin/universe          = unknown

PATH: /usr/bin
PATH: /bin
PATH: /usr/sbin
PATH: /sbin
PATH: /usr/local/bin
PATH: /usr/bin/X11
PATH: /usr/X11R6/bin
PATH: /usr/games
PATH: /opt/kde3/bin
PATH: /usr/lib/mit/bin
PATH: /usr/lib/mit/sbin
PATH: /usr/lib/qt3/bin


## ----------- ##
## Core tests. ##
## ----------- ##

configure:1839: checking for a BSD-compatible install
configure:1895: result: /usr/bin/install -c
configure:1906: checking whether build environment is sane
configure:1949: result: yes
configure:1977: checking for a thread-safe mkdir -p
configure:2016: result: /bin/mkdir -p
configure:2029: checking for gawk
configure:2045: found /usr/bin/gawk
configure:2056: result: gawk
configure:2067: checking whether make sets $(MAKE)
configure:2088: result: yes
configure:2330: checking for gcc
configure:2346: found /usr/bin/gcc
configure:2357: result: gcc
configure:2595: checking for C compiler version
configure:2602: gcc --version >&5
gcc (SUSE Linux) 4.3.1 20080507 (prerelease) [gcc-4_3-branch revision 135036]
Copyright (C) 2008 Free Software Foundation, Inc.
This is free software; see the source for copying conditions.  There is NO
warranty; not even for MERCHANTABILITY or FITNESS FOR A PARTICULAR PURPOSE.

configure:2605: $? = 0
configure:2612: gcc -v >&5
Using built-in specs.
Target: x86_64-suse-linux
Configured with: ../configure --prefix=/usr --with-local-prefix=/usr/local --infodir=/usr/share/info --mandir=/usr/share/man --libdir=/usr/lib64 --libexecdir=/usr/lib64 --enable-languages=c,c++,objc,fortran,obj-c++,java,ada --enable-checking=release --with-gxx-include-dir=/usr/include/c++/4.3 --enable-ssp --disable-libssp --with-bugurl=http://bugs.opensuse.org/ --with-pkgversion='SUSE Linux' --disable-libgcj --with-slibdir=/lib64 --with-system-zlib --enable-__cxa_atexit --enable-libstdcxx-allocator=new --disable-libstdcxx-pch --program-suffix=-4.3 --enable-version-specific-runtime-libs --enable-linux-futex --without-system-libunwind --with-cpu=generic --build=x86_64-suse-linux
Thread model: posix
gcc version 4.3.1 20080507 (prerelease) [gcc-4_3-branch revision 135036] (SUSE Linux) 
configure:2615: $? = 0
configure:2622: gcc -V >&5
gcc: '-V' option must have argument
configure:2625: $? = 1
configure:2648: checking for C compiler default output file name
configure:2675: gcc    conftest.c  >&5
configure:2678: $? = 0
configure:2716: result: a.out
configure:2733: checking whether the C compiler works
configure:2743: ./a.out
configure:2746: $? = 0
configure:2763: result: yes
configure:2770: checking whether we are cross compiling
configure:2772: result: no
configure:2775: checking for suffix of executables
configure:2782: gcc -o conftest    conftest.c  >&5
configure:2785: $? = 0
configure:2809: result: 
configure:2815: checking for suffix of object files
configure:2841: gcc -c   conftest.c >&5
configure:2844: $? = 0
configure:2867: result: o
configure:2871: checking whether we are using the GNU C compiler
configure:2900: gcc -c   conftest.c >&5
configure:2906: $? = 0
configure:2923: result: yes
configure:2928: checking whether gcc accepts -g
configure:2958: gcc -c -g  conftest.c >&5
configure:2964: $? = 0
configure:3063: result: yes
configure:3080: checking for gcc option to accept ISO C89
configure:3154: gcc  -c -g -O2  conftest.c >&5
configure:3160: $? = 0
configure:3183: result: none needed
configure:3212: checking for style of include used by make
configure:3240: result: GNU
configure:3265: checking dependency style of gcc
configure:3356: result: gcc3
configure:3376: checking how to run the C preprocessor
configure:3416: gcc -E  conftest.c
configure:3422: $? = 0
configure:3453: gcc -E  conftest.c
conftest.c:10:28: error: ac_nonexistent.h: No such file or directory
configure:3459: $? = 1
configure: failed program was:
| /* confdefs.h.  */
| #define PACKAGE_NAME "FULL-PACKAGE-NAME"
| #define PACKAGE_TARNAME "full-package-name"
| #define PACKAGE_VERSION "VERSION"
| #define PACKAGE_STRING "FULL-PACKAGE-NAME VERSION"
| #define PACKAGE_BUGREPORT "BUG-REPORT-ADDRESS"
| #define PACKAGE ""
| #define VERSION ""
| /* end confdefs.h.  */
| #include <ac_nonexistent.h>
configure:3492: result: gcc -E
configure:3521: gcc -E  conftest.c
configure:3527: $? = 0
configure:3558: gcc -E  conftest.c
conftest.c:10:28: error: ac_nonexistent.h: No such file or directory
configure:3564: $? = 1
configure: failed program was:
| /* confdefs.h.  */
| #define PACKAGE_NAME "FULL-PACKAGE-NAME"
| #define PACKAGE_TARNAME "full-package-name"
| #define PACKAGE_VERSION "VERSION"
| #define PACKAGE_STRING "FULL-PACKAGE-NAME VERSION"
| #define PACKAGE_BUGREPORT "BUG-REPORT-ADDRESS"
| #define PACKAGE ""
| #define VERSION ""
| /* end confdefs.h.  */
| #include <ac_nonexistent.h>
configure:3605: checking for gawk
configure:3632: result: gawk
configure:3656: checking for a BSD-compatible install
configure:3712: result: /usr/bin/install -c
configure:3723: checking whether ln -s works
configure:3727: result: yes
configure:3734: checking whether make sets $(MAKE)
configure:3755: result: yes
configure:3807: checking for ranlib
configure:3823: found /usr/bin/ranlib
configure:3834: result: ranlib
configure:3860: checking for a thread-safe mkdir -p
configure:3899: result: /bin/mkdir -p
configure:3916: checking for main in -lguide
configure:3945: gcc -o conftest   -L./ conftest.c -lguide   >&5
/usr/lib64/gcc/x86_64-suse-linux/4.3/../../../../x86_64-suse-linux/bin/ld: cannot find -lguide
collect2: ld returned 1 exit status
configure:3951: $? = 1
configure: failed program was:
| /* confdefs.h.  */
| #define PACKAGE_NAME "FULL-PACKAGE-NAME"
| #define PACKAGE_TARNAME "full-package-name"
| #define PACKAGE_VERSION "VERSION"
| #define PACKAGE_STRING "FULL-PACKAGE-NAME VERSION"
| #define PACKAGE_BUGREPORT "BUG-REPORT-ADDRESS"
| #define PACKAGE ""
| #define VERSION ""
| /* end confdefs.h.  */
| 
| 
| int
| main ()
| {
| return main ();
|   ;
|   return 0;
| }
configure:3969: result: no
configure:3982: checking for main in -lm
configure:4011: gcc -o conftest   -L./ conftest.c -lm   >&5
configure:4017: $? = 0
configure:4035: result: yes
configure:4048: checking for main in -lpthread
configure:4077: gcc -o conftest   -L./ conftest.c -lpthread  -lm  >&5
configure:4083: $? = 0
configure:4101: result: yes
configure:4113: checking for ARCHITECTURE
configure:4131: result: 64
configure:4142: checking for STDR
configure:4158: result: no
configure:4169: checking for TERNARY
configure:4185: result: yes
configure:4196: checking for CUBLAS
configure:4211: result: no
configure:4222: checking for TIMING
configure:4237: result: no
configure:4250: checking for main in -lcudart
configure:4392: checking for C++ compiler version
configure:4399: /usr/local/cuda/bin/nvcc --version >&5
nvcc: NVIDIA (R) Cuda compiler driver
Copyright (c) 2005-2010 NVIDIA Corporation
Built on Wed_Nov__3_16:16:57_PDT_2010
Cuda compilation tools, release 3.2, V0.2.1221
configure:4402: $? = 0
configure:4409: /usr/local/cuda/bin/nvcc -v >&5
nvcc fatal   : No input files specified; use option --help for more information
configure:4412: $? = 255
configure:4419: /usr/local/cuda/bin/nvcc -V >&5
nvcc: NVIDIA (R) Cuda compiler driver
Copyright (c) 2005-2010 NVIDIA Corporation
Built on Wed_Nov__3_16:16:57_PDT_2010
Cuda compilation tools, release 3.2, V0.2.1221
configure:4422: $? = 0
configure:4425: checking whether we are using the GNU C++ compiler
configure:4454: /usr/local/cuda/bin/nvcc -c  -D__TERNARY__  conftest.cpp >&5
configure:4460: $? = 0
configure:4477: result: yes
configure:4482: checking whether /usr/local/cuda/bin/nvcc accepts -g
configure:4512: /usr/local/cuda/bin/nvcc -c -g  conftest.cpp >&5
configure:4518: $? = 0
configure:4617: result: yes
configure:4642: checking dependency style of /usr/local/cuda/bin/nvcc
configure:4733: result: none
configure:4760: result: yes
configure:4772: checking for main in cudasdk
configure:4809: result: yes
configure:4820: checking for main in -lgslblas
configure:4867: result: yes
configure:4878: checking for main in -lmpich
configure:5382: result: no
configure:5393: checking for main in qmdd
configure:5425: result: no
configure:5439: checking for grep that handles long lines and -e
configure:5513: result: /usr/bin/grep
configure:5518: checking for egrep
configure:5596: result: /usr/bin/grep -E
configure:5601: checking for ANSI C header files
configure:5631: gcc -c   conftest.c >&5
configure:5637: $? = 0
configure:5736: gcc -o conftest   -L./  -L/usr/local/cuda/lib/cuda -lcudart -lcublas -L/home/kameyama/lukacm/NVIDIA_GPU_Computing_SDK/C/common/lib -L/usr/local/gsl64/lib -lgslcblas -lgsl conftest.c -lpthread -lm  >&5
/usr/lib64/gcc/x86_64-suse-linux/4.3/../../../../x86_64-suse-linux/bin/ld: cannot find -lcudart
collect2: ld returned 1 exit status
configure:5739: $? = 1
configure: program exited with status 1
configure: failed program was:
| /* confdefs.h.  */
| #define PACKAGE_NAME "FULL-PACKAGE-NAME"
| #define PACKAGE_TARNAME "full-package-name"
| #define PACKAGE_VERSION "VERSION"
| #define PACKAGE_STRING "FULL-PACKAGE-NAME VERSION"
| #define PACKAGE_BUGREPORT "BUG-REPORT-ADDRESS"
| #define PACKAGE ""
| #define VERSION ""
| #define HAVE_LIBM 1
| #define HAVE_LIBPTHREAD 1
| /* end confdefs.h.  */
| #include <ctype.h>
| #include <stdlib.h>
| #if ((' ' & 0x0FF) == 0x020)
| # define ISLOWER(c) ('a' <= (c) && (c) <= 'z')
| # define TOUPPER(c) (ISLOWER(c) ? 'A' + ((c) - 'a') : (c))
| #else
| # define ISLOWER(c) 		   (('a' <= (c) && (c) <= 'i') 		     || ('j' <= (c) && (c) <= 'r') 		     || ('s' <= (c) && (c) <= 'z'))
| # define TOUPPER(c) (ISLOWER(c) ? ((c) | 0x40) : (c))
| #endif
| 
| #define XOR(e, f) (((e) && !(f)) || (!(e) && (f)))
| int
| main ()
| {
|   int i;
|   for (i = 0; i < 256; i++)
|     if (XOR (islower (i), ISLOWER (i))
| 	|| toupper (i) != TOUPPER (i))
|       return 2;
|   return 0;
| }
configure:5765: result: no
configure:5775: checking for sys/wait.h that is POSIX.1 compatible
configure:5811: gcc -c   conftest.c >&5
configure:5817: $? = 0
configure:5832: result: yes
configure:5856: checking for sys/types.h
configure:5877: gcc -c   conftest.c >&5
configure:5883: $? = 0
configure:5899: result: yes
configure:5856: checking for sys/stat.h
configure:5877: gcc -c   conftest.c >&5
configure:5883: $? = 0
configure:5899: result: yes
configure:5856: checking for stdlib.h
configure:5877: gcc -c   conftest.c >&5
configure:5883: $? = 0
configure:5899: result: yes
configure:5856: checking for string.h
configure:5877: gcc -c   conftest.c >&5
configure:5883: $? = 0
configure:5899: result: yes
configure:5856: checking for memory.h
configure:5877: gcc -c   conftest.c >&5
configure:5883: $? = 0
configure:5899: result: yes
configure:5856: checking for strings.h
configure:5877: gcc -c   conftest.c >&5
configure:5883: $? = 0
configure:5899: result: yes
configure:5856: checking for inttypes.h
configure:5877: gcc -c   conftest.c >&5
configure:5883: $? = 0
configure:5899: result: yes
configure:5856: checking for stdint.h
configure:5877: gcc -c   conftest.c >&5
configure:5883: $? = 0
configure:5899: result: yes
configure:5856: checking for unistd.h
configure:5877: gcc -c   conftest.c >&5
configure:5883: $? = 0
configure:5899: result: yes
configure:5919: checking for stdint.h
configure:5925: result: yes
configure:5919: checking for stdlib.h
configure:5925: result: yes
configure:5929: checking sys/time.h usability
configure:5946: gcc -c   conftest.c >&5
configure:5952: $? = 0
configure:5966: result: yes
configure:5970: checking sys/time.h presence
configure:5985: gcc -E  conftest.c
configure:5991: $? = 0
configure:6005: result: yes
configure:6038: checking for sys/time.h
configure:6046: result: yes
configure:5919: checking for unistd.h
configure:5925: result: yes
configure:6061: checking for stdbool.h that conforms to C99
configure:6154: gcc -c   conftest.c >&5
configure:6160: $? = 0
configure:6175: result: yes
configure:6177: checking for _Bool
configure:6207: gcc -c   conftest.c >&5
configure:6213: $? = 0
configure:6228: result: yes
configure:6247: checking for an ANSI C-conforming const
configure:6322: gcc -c   conftest.c >&5
configure:6328: $? = 0
configure:6343: result: yes
configure:6353: checking for inline
configure:6379: gcc -c   conftest.c >&5
configure:6385: $? = 0
configure:6403: result: inline
configure:6422: checking for pid_t
configure:6452: gcc -c   conftest.c >&5
configure:6458: $? = 0
configure:6473: result: yes
configure:6485: checking whether struct tm is in sys/time.h or time.h
configure:6515: gcc -c   conftest.c >&5
configure:6521: $? = 0
configure:6536: result: time.h
configure:6547: checking for uint64_t
configure:6578: gcc -c   conftest.c >&5
configure:6584: $? = 0
configure:6605: result: yes
configure:6629: checking for stdlib.h
configure:6635: result: yes
configure:6769: checking for GNU libc compatible malloc
configure:6803: gcc -o conftest   -L./  -L/usr/local/cuda/lib/cuda -lcudart -lcublas -L/home/kameyama/lukacm/NVIDIA_GPU_Computing_SDK/C/common/lib -L/usr/local/gsl64/lib -lgslcblas -lgsl conftest.c -lpthread -lm  >&5
/usr/lib64/gcc/x86_64-suse-linux/4.3/../../../../x86_64-suse-linux/bin/ld: cannot find -lcudart
collect2: ld returned 1 exit status
configure:6806: $? = 1
configure: program exited with status 1
configure: failed program was:
| /* confdefs.h.  */
| #define PACKAGE_NAME "FULL-PACKAGE-NAME"
| #define PACKAGE_TARNAME "full-package-name"
| #define PACKAGE_VERSION "VERSION"
| #define PACKAGE_STRING "FULL-PACKAGE-NAME VERSION"
| #define PACKAGE_BUGREPORT "BUG-REPORT-ADDRESS"
| #define PACKAGE ""
| #define VERSION ""
| #define HAVE_LIBM 1
| #define HAVE_LIBPTHREAD 1
| #define HAVE_SYS_WAIT_H 1
| #define HAVE_SYS_TYPES_H 1
| #define HAVE_SYS_STAT_H 1
| #define HAVE_STDLIB_H 1
| #define HAVE_STRING_H 1
| #define HAVE_MEMORY_H 1
| #define HAVE_STRINGS_H 1
| #define HAVE_INTTYPES_H 1
| #define HAVE_STDINT_H 1
| #define HAVE_UNISTD_H 1
| #define HAVE_STDINT_H 1
| #define HAVE_STDLIB_H 1
| #define HAVE_SYS_TIME_H 1
| #define HAVE_UNISTD_H 1
| #define HAVE__BOOL 1
| #define HAVE_STDBOOL_H 1
| #define HAVE_STDLIB_H 1
| /* end confdefs.h.  */
| #if defined STDC_HEADERS || defined HAVE_STDLIB_H
| # include <stdlib.h>
| #else
| char *malloc ();
| #endif
| 
| int
| main ()
| {
| return ! malloc (0);
|   ;
|   return 0;
| }
configure:6831: result: no
configure:6865: checking for getpagesize
configure:6921: gcc -o conftest   -L./  -L/usr/local/cuda/lib/cuda -lcudart -lcublas -L/home/kameyama/lukacm/NVIDIA_GPU_Computing_SDK/C/common/lib -L/usr/local/gsl64/lib -lgslcblas -lgsl conftest.c -lpthread -lm  >&5
/usr/lib64/gcc/x86_64-suse-linux/4.3/../../../../x86_64-suse-linux/bin/ld: cannot find -lcudart
collect2: ld returned 1 exit status
configure:6927: $? = 1
configure: failed program was:
| /* confdefs.h.  */
| #define PACKAGE_NAME "FULL-PACKAGE-NAME"
| #define PACKAGE_TARNAME "full-package-name"
| #define PACKAGE_VERSION "VERSION"
| #define PACKAGE_STRING "FULL-PACKAGE-NAME VERSION"
| #define PACKAGE_BUGREPORT "BUG-REPORT-ADDRESS"
| #define PACKAGE ""
| #define VERSION ""
| #define HAVE_LIBM 1
| #define HAVE_LIBPTHREAD 1
| #define HAVE_SYS_WAIT_H 1
| #define HAVE_SYS_TYPES_H 1
| #define HAVE_SYS_STAT_H 1
| #define HAVE_STDLIB_H 1
| #define HAVE_STRING_H 1
| #define HAVE_MEMORY_H 1
| #define HAVE_STRINGS_H 1
| #define HAVE_INTTYPES_H 1
| #define HAVE_STDINT_H 1
| #define HAVE_UNISTD_H 1
| #define HAVE_STDINT_H 1
| #define HAVE_STDLIB_H 1
| #define HAVE_SYS_TIME_H 1
| #define HAVE_UNISTD_H 1
| #define HAVE__BOOL 1
| #define HAVE_STDBOOL_H 1
| #define HAVE_STDLIB_H 1
| #define HAVE_MALLOC 0
| #define malloc rpl_malloc
| /* end confdefs.h.  */
| /* Define getpagesize to an innocuous variant, in case <limits.h> declares getpagesize.
|    For example, HP-UX 11i <limits.h> declares gettimeofday.  */
| #define getpagesize innocuous_getpagesize
| 
| /* System header to define __stub macros and hopefully few prototypes,
|     which can conflict with char getpagesize (); below.
|     Prefer <limits.h> to <assert.h> if __STDC__ is defined, since
|     <limits.h> exists even on freestanding compilers.  */
| 
| #ifdef __STDC__
| # include <limits.h>
| #else
| # include <assert.h>
| #endif
| 
| #undef getpagesize
| 
| /* Override any GCC internal prototype to avoid an error.
|    Use char because int might match the return type of a GCC
|    builtin and then its argument prototype would still apply.  */
| #ifdef __cplusplus
| extern "C"
| #endif
| char getpagesize ();
| /* The GNU C library defines this for functions which it implements
|     to always fail with ENOSYS.  Some functions are actually named
|     something starting with __ and the normal name is an alias.  */
| #if defined __stub_getpagesize || defined __stub___getpagesize
| choke me
| #endif
| 
| int
| main ()
| {
| return getpagesize ();
|   ;
|   return 0;
| }
configure:6945: result: no
configure:6865: checking for pow
configure:6921: gcc -o conftest   -L./  -L/usr/local/cuda/lib/cuda -lcudart -lcublas -L/home/kameyama/lukacm/NVIDIA_GPU_Computing_SDK/C/common/lib -L/usr/local/gsl64/lib -lgslcblas -lgsl conftest.c -lpthread -lm  >&5
conftest.c:54: warning: conflicting types for built-in function 'pow'
/usr/lib64/gcc/x86_64-suse-linux/4.3/../../../../x86_64-suse-linux/bin/ld: cannot find -lcudart
collect2: ld returned 1 exit status
configure:6927: $? = 1
configure: failed program was:
| /* confdefs.h.  */
| #define PACKAGE_NAME "FULL-PACKAGE-NAME"
| #define PACKAGE_TARNAME "full-package-name"
| #define PACKAGE_VERSION "VERSION"
| #define PACKAGE_STRING "FULL-PACKAGE-NAME VERSION"
| #define PACKAGE_BUGREPORT "BUG-REPORT-ADDRESS"
| #define PACKAGE ""
| #define VERSION ""
| #define HAVE_LIBM 1
| #define HAVE_LIBPTHREAD 1
| #define HAVE_SYS_WAIT_H 1
| #define HAVE_SYS_TYPES_H 1
| #define HAVE_SYS_STAT_H 1
| #define HAVE_STDLIB_H 1
| #define HAVE_STRING_H 1
| #define HAVE_MEMORY_H 1
| #define HAVE_STRINGS_H 1
| #define HAVE_INTTYPES_H 1
| #define HAVE_STDINT_H 1
| #define HAVE_UNISTD_H 1
| #define HAVE_STDINT_H 1
| #define HAVE_STDLIB_H 1
| #define HAVE_SYS_TIME_H 1
| #define HAVE_UNISTD_H 1
| #define HAVE__BOOL 1
| #define HAVE_STDBOOL_H 1
| #define HAVE_STDLIB_H 1
| #define HAVE_MALLOC 0
| #define malloc rpl_malloc
| /* end confdefs.h.  */
| /* Define pow to an innocuous variant, in case <limits.h> declares pow.
|    For example, HP-UX 11i <limits.h> declares gettimeofday.  */
| #define pow innocuous_pow
| 
| /* System header to define __stub macros and hopefully few prototypes,
|     which can conflict with char pow (); below.
|     Prefer <limits.h> to <assert.h> if __STDC__ is defined, since
|     <limits.h> exists even on freestanding compilers.  */
| 
| #ifdef __STDC__
| # include <limits.h>
| #else
| # include <assert.h>
| #endif
| 
| #undef pow
| 
| /* Override any GCC internal prototype to avoid an error.
|    Use char because int might match the return type of a GCC
|    builtin and then its argument prototype would still apply.  */
| #ifdef __cplusplus
| extern "C"
| #endif
| char pow ();
| /* The GNU C library defines this for functions which it implements
|     to always fail with ENOSYS.  Some functions are actually named
|     something starting with __ and the normal name is an alias.  */
| #if defined __stub_pow || defined __stub___pow
| choke me
| #endif
| 
| int
| main ()
| {
| return pow ();
|   ;
|   return 0;
| }
configure:6945: result: no
configure:6865: checking for sqrt
configure:6921: gcc -o conftest   -L./  -L/usr/local/cuda/lib/cuda -lcudart -lcublas -L/home/kameyama/lukacm/NVIDIA_GPU_Computing_SDK/C/common/lib -L/usr/local/gsl64/lib -lgslcblas -lgsl conftest.c -lpthread -lm  >&5
conftest.c:54: warning: conflicting types for built-in function 'sqrt'
/usr/lib64/gcc/x86_64-suse-linux/4.3/../../../../x86_64-suse-linux/bin/ld: cannot find -lcudart
collect2: ld returned 1 exit status
configure:6927: $? = 1
configure: failed program was:
| /* confdefs.h.  */
| #define PACKAGE_NAME "FULL-PACKAGE-NAME"
| #define PACKAGE_TARNAME "full-package-name"
| #define PACKAGE_VERSION "VERSION"
| #define PACKAGE_STRING "FULL-PACKAGE-NAME VERSION"
| #define PACKAGE_BUGREPORT "BUG-REPORT-ADDRESS"
| #define PACKAGE ""
| #define VERSION ""
| #define HAVE_LIBM 1
| #define HAVE_LIBPTHREAD 1
| #define HAVE_SYS_WAIT_H 1
| #define HAVE_SYS_TYPES_H 1
| #define HAVE_SYS_STAT_H 1
| #define HAVE_STDLIB_H 1
| #define HAVE_STRING_H 1
| #define HAVE_MEMORY_H 1
| #define HAVE_STRINGS_H 1
| #define HAVE_INTTYPES_H 1
| #define HAVE_STDINT_H 1
| #define HAVE_UNISTD_H 1
| #define HAVE_STDINT_H 1
| #define HAVE_STDLIB_H 1
| #define HAVE_SYS_TIME_H 1
| #define HAVE_UNISTD_H 1
| #define HAVE__BOOL 1
| #define HAVE_STDBOOL_H 1
| #define HAVE_STDLIB_H 1
| #define HAVE_MALLOC 0
| #define malloc rpl_malloc
| /* end confdefs.h.  */
| /* Define sqrt to an innocuous variant, in case <limits.h> declares sqrt.
|    For example, HP-UX 11i <limits.h> declares gettimeofday.  */
| #define sqrt innocuous_sqrt
| 
| /* System header to define __stub macros and hopefully few prototypes,
|     which can conflict with char sqrt (); below.
|     Prefer <limits.h> to <assert.h> if __STDC__ is defined, since
|     <limits.h> exists even on freestanding compilers.  */
| 
| #ifdef __STDC__
| # include <limits.h>
| #else
| # include <assert.h>
| #endif
| 
| #undef sqrt
| 
| /* Override any GCC internal prototype to avoid an error.
|    Use char because int might match the return type of a GCC
|    builtin and then its argument prototype would still apply.  */
| #ifdef __cplusplus
| extern "C"
| #endif
| char sqrt ();
| /* The GNU C library defines this for functions which it implements
|     to always fail with ENOSYS.  Some functions are actually named
|     something starting with __ and the normal name is an alias.  */
| #if defined __stub_sqrt || defined __stub___sqrt
| choke me
| #endif
| 
| int
| main ()
| {
| return sqrt ();
|   ;
|   return 0;
| }
configure:6945: result: no
configure:7166: creating ./config.status

## ---------------- ##
## Cache variables. ##
## ---------------- ##

ac_cv_c_compiler_gnu=yes
ac_cv_c_const=yes
ac_cv_c_inline=inline
ac_cv_c_uint64_t=yes
ac_cv_cxx_compiler_gnu=yes
ac_cv_env_CCC_set=
ac_cv_env_CCC_value=
ac_cv_env_CC_set=
ac_cv_env_CC_value=
ac_cv_env_CFLAGS_set=
ac_cv_env_CFLAGS_value=
ac_cv_env_CPPFLAGS_set=
ac_cv_env_CPPFLAGS_value=
ac_cv_env_CPP_set=
ac_cv_env_CPP_value=
ac_cv_env_CXXFLAGS_set=
ac_cv_env_CXXFLAGS_value=
ac_cv_env_CXX_set=
ac_cv_env_CXX_value=
ac_cv_env_LDFLAGS_set=
ac_cv_env_LDFLAGS_value=
ac_cv_env_LIBS_set=
ac_cv_env_LIBS_value=
ac_cv_env_build_alias_set=
ac_cv_env_build_alias_value=
ac_cv_env_host_alias_set=
ac_cv_env_host_alias_value=
ac_cv_env_target_alias_set=
ac_cv_env_target_alias_value=
ac_cv_func_getpagesize=no
ac_cv_func_malloc_0_nonnull=no
ac_cv_func_pow=no
ac_cv_func_sqrt=no
ac_cv_header_inttypes_h=yes
ac_cv_header_memory_h=yes
ac_cv_header_stdbool_h=yes
ac_cv_header_stdc=no
ac_cv_header_stdint_h=yes
ac_cv_header_stdlib_h=yes
ac_cv_header_string_h=yes
ac_cv_header_strings_h=yes
ac_cv_header_sys_stat_h=yes
ac_cv_header_sys_time_h=yes
ac_cv_header_sys_types_h=yes
ac_cv_header_sys_wait_h=yes
ac_cv_header_unistd_h=yes
ac_cv_lib_guide_main=no
ac_cv_lib_m_main=yes
ac_cv_lib_pthread_main=yes
ac_cv_objext=o
ac_cv_path_EGREP='/usr/bin/grep -E'
ac_cv_path_GREP=/usr/bin/grep
ac_cv_path_install='/usr/bin/install -c'
ac_cv_path_mkdir=/bin/mkdir
ac_cv_prog_AWK=gawk
ac_cv_prog_CPP='gcc -E'
ac_cv_prog_ac_ct_CC=gcc
ac_cv_prog_ac_ct_RANLIB=ranlib
ac_cv_prog_cc_c89=
ac_cv_prog_cc_g=yes
ac_cv_prog_cxx_g=yes
ac_cv_prog_make_make_set=yes
ac_cv_struct_tm=time.h
ac_cv_type__Bool=yes
ac_cv_type_pid_t=yes
am_cv_CC_dependencies_compiler_type=gcc3
am_cv_CXX_dependencies_compiler_type=none

## ----------------- ##
## Output variables. ##
## ----------------- ##

ACLOCAL='${SHELL} /home/local_space/Epig_ALL_CUDA_MV_MULTI/missing --run aclocal-1.10'
AMDEPBACKSLASH='\'
AMDEP_FALSE='#'
AMDEP_TRUE=''
AMTAR='${SHELL} /home/local_space/Epig_ALL_CUDA_MV_MULTI/missing --run tar'
ARCHITECTURE_FALSE=''
ARCHITECTURE_TRUE='#'
AUTOCONF='${SHELL} /home/local_space/Epig_ALL_CUDA_MV_MULTI/missing --run autoconf'
AUTOHEADER='${SHELL} /home/local_space/Epig_ALL_CUDA_MV_MULTI/missing --run autoheader'
AUTOMAKE='${SHELL} /home/local_space/Epig_ALL_CUDA_MV_MULTI/missing --run automake-1.10'
AWK='gawk'
CC='gcc'
CCDEPMODE='depmode=gcc3'
CFLAGS=''
CPP='gcc -E'
CPPFLAGS=''
CUBLAS_FALSE=''
CUBLAS_TRUE='#'
CUDASDK_CFLAGS='-D__CUDA__ -D__CUDA_SDK__ -I/home/kameyama/lukacm/NVIDIA_GPU_Computing_SDK/C/common/inc'
CUDASDK_FALSE='#'
CUDASDK_LIBS='-L/home/kameyama/lukacm/NVIDIA_GPU_Computing_SDK/C/common/lib'
CUDASDK_PREFIX='/home/kameyama/lukacm/NVIDIA_GPU_Computing_SDK/C'
CUDASDK_TRUE=''
CUDA_CFLAGS='-I/usr/local/cuda/include'
CUDA_FALSE='#'
CUDA_LIBS=' -L/usr/local/cuda/lib/cuda -lcudart -lcublas'
CUDA_PREFIX='/usr/local/cuda'
CUDA_TRUE=''
CXX='/usr/local/cuda/bin/nvcc'
CXXDEPMODE='depmode=none'
CXXFLAGS=' -D__TERNARY__ -I/usr/local/cuda/include -D__CUDA__ -D__CUDA_SDK__ -I/home/kameyama/lukacm/NVIDIA_GPU_Computing_SDK/C/common/inc -I/usr/local/gsl64/include/gsl -m64'
CYGPATH_W='echo'
DEFS='-DHAVE_CONFIG_H'
DEPDIR='.deps'
ECHO_C=''
ECHO_N='-n'
ECHO_T=''
EGREP='/usr/bin/grep -E'
EXEEXT=''
GREP='/usr/bin/grep'
GSLBLAS_CFLAGS='-I/usr/local/gsl64/include/gsl'
GSLBLAS_FALSE=''
GSLBLAS_LIBS='-L/usr/local/gsl64/lib -lgslcblas -lgsl'
GSLBLAS_PREFIX='/usr/local/gsl64'
GSLBLAS_TRUE='#'
INSTALL_DATA='${INSTALL} -m 644'
INSTALL_PROGRAM='${INSTALL}'
INSTALL_SCRIPT='${INSTALL}'
INSTALL_STRIP_PROGRAM='$(install_sh) -c -s'
LDFLAGS='-L./  -L/usr/local/cuda/lib/cuda -lcudart -lcublas -L/home/kameyama/lukacm/NVIDIA_GPU_Computing_SDK/C/common/lib -L/usr/local/gsl64/lib -lgslcblas -lgsl'
LIBOBJS=' ${LIBOBJDIR}malloc$U.o'
LIBS='-lpthread -lm '
LN_S='ln -s'
LTLIBOBJS=' ${LIBOBJDIR}malloc$U.lo'
MAKEINFO='${SHELL} /home/local_space/Epig_ALL_CUDA_MV_MULTI/missing --run makeinfo'
MPI_CFLAGS=''
MPI_FALSE=''
MPI_LIBS=''
MPI_PREFIX=''
MPI_TRUE='#'
OBJEXT='o'
PACKAGE=''
PACKAGE_BUGREPORT='BUG-REPORT-ADDRESS'
PACKAGE_NAME='FULL-PACKAGE-NAME'
PACKAGE_STRING='FULL-PACKAGE-NAME VERSION'
PACKAGE_TARNAME='full-package-name'
PACKAGE_VERSION='VERSION'
PATH_SEPARATOR=':'
QMDD_CFLAGS=''
QMDD_FALSE=''
QMDD_LIBS=''
QMDD_PREFIX=''
QMDD_TRUE='#'
RANLIB='ranlib'
SET_MAKE=''
SHELL='/bin/sh'
STDR_FALSE=''
STDR_TRUE='#'
STRIP=''
TERNARY_FALSE='#'
TERNARY_TRUE=''
VERSION=''
ac_ct_CC='gcc'
ac_ct_CXX=''
am__fastdepCC_FALSE='#'
am__fastdepCC_TRUE=''
am__fastdepCXX_FALSE=''
am__fastdepCXX_TRUE='#'
am__include='include'
am__isrc=''
am__leading_dot='.'
am__quote=''
am__tar='${AMTAR} chof - "$$tardir"'
am__untar='${AMTAR} xf -'
bindir='${exec_prefix}/bin'
build_alias=''
datadir='${datarootdir}'
datarootdir='${prefix}/share'
docdir='${datarootdir}/doc/${PACKAGE_TARNAME}'
dvidir='${docdir}'
exec_prefix='${prefix}'
host_alias=''
htmldir='${docdir}'
includedir='${prefix}/include'
infodir='${datarootdir}/info'
install_sh='$(SHELL) /home/local_space/Epig_ALL_CUDA_MV_MULTI/install-sh'
libdir='${exec_prefix}/lib'
libexecdir='${exec_prefix}/libexec'
localedir='${datarootdir}/locale'
localstatedir='${prefix}/var'
mandir='${datarootdir}/man'
mkdir_p='/bin/mkdir -p'
oldincludedir='/usr/include'
pdfdir='${docdir}'
prefix='/usr/local'
program_transform_name='s,x,x,'
psdir='${docdir}'
sbindir='${exec_prefix}/sbin'
sharedstatedir='${prefix}/com'
sysconfdir='${prefix}/etc'
target_alias=''

## ----------- ##
## confdefs.h. ##
## ----------- ##

#define PACKAGE_NAME "FULL-PACKAGE-NAME"
#define PACKAGE_TARNAME "full-package-name"
#define PACKAGE_VERSION "VERSION"
#define PACKAGE_STRING "FULL-PACKAGE-NAME VERSION"
#define PACKAGE_BUGREPORT "BUG-REPORT-ADDRESS"
#define PACKAGE ""
#define VERSION ""
#define HAVE_LIBM 1
#define HAVE_LIBPTHREAD 1
#define HAVE_SYS_WAIT_H 1
#define HAVE_SYS_TYPES_H 1
#define HAVE_SYS_STAT_H 1
#define HAVE_STDLIB_H 1
#define HAVE_STRING_H 1
#define HAVE_MEMORY_H 1
#define HAVE_STRINGS_H 1
#define HAVE_INTTYPES_H 1
#define HAVE_STDINT_H 1
#define HAVE_UNISTD_H 1
#define HAVE_STDINT_H 1
#define HAVE_STDLIB_H 1
#define HAVE_SYS_TIME_H 1
#define HAVE_UNISTD_H 1
#define HAVE__BOOL 1
#define HAVE_STDBOOL_H 1
#define HAVE_STDLIB_H 1
#define HAVE_MALLOC 0
#define malloc rpl_malloc

configure: exit 0

## ---------------------- ##
## Running config.status. ##
## ---------------------- ##

This file was extended by FULL-PACKAGE-NAME config.status VERSION, which was
generated by GNU Autoconf 2.61.  Invocation command line was

  CONFIG_FILES    = 
  CONFIG_HEADERS  = 
  CONFIG_LINKS    = 
  CONFIG_COMMANDS = 
  $ ./config.status 

on UltraSim

config.status:680: creating Makefile
config.status:680: creating src/Makefile
config.status:680: creating config.h
config.status:917: config.h is unchanged
config.status:964: executing depfiles commands

## ---------------------- ##
## Running config.status. ##
## ---------------------- ##

This file was extended by FULL-PACKAGE-NAME config.status VERSION, which was
generated by GNU Autoconf 2.61.  Invocation command line was

  CONFIG_FILES    = 
  CONFIG_HEADERS  = 
  CONFIG_LINKS    = 
  CONFIG_COMMANDS = 
  $ ./config.status config.h

on UltraSim

config.status:680: creating config.h
config.status:917: config.h is unchanged
