This file contains any messages produced by compilers while
running configure, to aid debugging if configure makes a mistake.

It was created by FULL-PACKAGE-NAME configure VERSION, which was
generated by GNU Autoconf 2.69.  Invocation command line was

  $ ./configure --with-cudart=/usr/local/cuda --with-gslcblas=/usr --with-elemnt=no --no-create --no-recursion

## --------- ##
## Platform. ##
## --------- ##

hostname = darklands
uname -m = x86_64
uname -r = 4.4.9
uname -s = Linux
uname -v = #1 SMP Wed May 4 19:16:40 CDT 2016

/usr/bin/uname -p = Intel(R) Xeon(R) CPU           E5620  @ 2.40GHz
/bin/uname -X     = unknown

/bin/arch              = x86_64
/usr/bin/arch -k       = unknown
/usr/convex/getsysinfo = unknown
/usr/bin/hostinfo      = unknown
/bin/machine           = unknown
/usr/bin/oslevel       = unknown
/bin/universe          = unknown

PATH: /usr/local/bin
PATH: /usr/bin
PATH: /bin
PATH: /usr/games
PATH: /usr/lib64/java/bin
PATH: /usr/lib64/java/jre/bin
PATH: /usr/lib64/kde4/libexec
PATH: /usr/lib64/qt/bin
PATH: /home/lukacm/bin
PATH: /home/lukacm/install/bin


## ----------- ##
## Core tests. ##
## ----------- ##

configure:2404: checking for a BSD-compatible install
configure:2472: result: /usr/bin/ginstall -c
configure:2483: checking whether build environment is sane
configure:2538: result: yes
configure:2576: WARNING: 'missing' script is too old or missing
configure:2689: checking for a thread-safe mkdir -p
configure:2728: result: /usr/bin/mkdir -p
configure:2735: checking for gawk
configure:2751: found /usr/bin/gawk
configure:2762: result: gawk
configure:2773: checking whether make sets $(MAKE)
configure:2795: result: yes
configure:2824: checking whether make supports nested variables
configure:2841: result: yes
configure:3018: checking for gcc
configure:3034: found /usr/bin/gcc
configure:3045: result: gcc
configure:3274: checking for C compiler version
configure:3283: gcc --version >&5
gcc (GCC) 4.8.2
Copyright (C) 2013 Free Software Foundation, Inc.
This is free software; see the source for copying conditions.  There is NO
warranty; not even for MERCHANTABILITY or FITNESS FOR A PARTICULAR PURPOSE.

configure:3294: $? = 0
configure:3283: gcc -v >&5
Reading specs from /usr/lib64/gcc/x86_64-slackware-linux/4.8.2/specs
COLLECT_GCC=gcc
COLLECT_LTO_WRAPPER=/usr/libexec/gcc/x86_64-slackware-linux/4.8.2/lto-wrapper
Target: x86_64-slackware-linux
Configured with: ../gcc-4.8.2/configure --prefix=/usr --libdir=/usr/lib64 --mandir=/usr/man --infodir=/usr/info --enable-shared --enable-bootstrap --enable-languages=ada,c,c++,fortran,go,java,lto,objc --enable-threads=posix --enable-checking=release --enable-objc-gc --with-system-zlib --with-python-dir=/lib64/python2.7/site-packages --disable-libunwind-exceptions --enable-__cxa_atexit --enable-libssp --enable-lto --with-gnu-ld --verbose --enable-java-home --with-java-home=/usr/lib64/jvm/jre --with-jvm-root-dir=/usr/lib64/jvm --with-jvm-jar-dir=/usr/lib64/jvm/jvm-exports --with-arch-directory=amd64 --with-antlr-jar=/tmp/gcc/antlr-runtime-3.4.jar --enable-java-awt=gtk --disable-gtktest --disable-multilib --target=x86_64-slackware-linux --build=x86_64-slackware-linux --host=x86_64-slackware-linux
Thread model: posix
gcc version 4.8.2 (GCC) 
configure:3294: $? = 0
configure:3283: gcc -V >&5
gcc: error: unrecognized command line option '-V'
gcc: fatal error: no input files
compilation terminated.
configure:3294: $? = 1
configure:3283: gcc -qversion >&5
gcc: error: unrecognized command line option '-qversion'
gcc: fatal error: no input files
compilation terminated.
configure:3294: $? = 1
configure:3314: checking whether the C compiler works
configure:3336: gcc    conftest.c  >&5
configure:3340: $? = 0
configure:3388: result: yes
configure:3391: checking for C compiler default output file name
configure:3393: result: a.out
configure:3399: checking for suffix of executables
configure:3406: gcc -o conftest    conftest.c  >&5
configure:3410: $? = 0
configure:3432: result: 
configure:3454: checking whether we are cross compiling
configure:3462: gcc -o conftest    conftest.c  >&5
configure:3466: $? = 0
configure:3473: ./conftest
configure:3477: $? = 0
configure:3492: result: no
configure:3497: checking for suffix of object files
configure:3519: gcc -c   conftest.c >&5
configure:3523: $? = 0
configure:3544: result: o
configure:3548: checking whether we are using the GNU C compiler
configure:3567: gcc -c   conftest.c >&5
configure:3567: $? = 0
configure:3576: result: yes
configure:3585: checking whether gcc accepts -g
configure:3605: gcc -c -g  conftest.c >&5
configure:3605: $? = 0
configure:3646: result: yes
configure:3663: checking for gcc option to accept ISO C89
configure:3726: gcc  -c -g -O2  conftest.c >&5
configure:3726: $? = 0
configure:3739: result: none needed
configure:3764: checking whether gcc understands -c and -o together
configure:3786: gcc -c conftest.c -o conftest2.o
configure:3789: $? = 0
configure:3786: gcc -c conftest.c -o conftest2.o
configure:3789: $? = 0
configure:3801: result: yes
configure:3829: checking for style of include used by make
configure:3857: result: GNU
configure:3883: checking dependency style of gcc
configure:3994: result: gcc3
configure:4014: checking how to run the C preprocessor
configure:4045: gcc -E  conftest.c
configure:4045: $? = 0
configure:4059: gcc -E  conftest.c
conftest.c:11:28: fatal error: ac_nonexistent.h: No such file or directory
 #include <ac_nonexistent.h>
                            ^
compilation terminated.
configure:4059: $? = 1
configure: failed program was:
| /* confdefs.h */
| #define PACKAGE_NAME "FULL-PACKAGE-NAME"
| #define PACKAGE_TARNAME "full-package-name"
| #define PACKAGE_VERSION "VERSION"
| #define PACKAGE_STRING "FULL-PACKAGE-NAME VERSION"
| #define PACKAGE_BUGREPORT "BUG-REPORT-ADDRESS"
| #define PACKAGE_URL ""
| #define PACKAGE "full-package-name"
| #define VERSION "VERSION"
| /* end confdefs.h.  */
| #include <ac_nonexistent.h>
configure:4084: result: gcc -E
configure:4104: gcc -E  conftest.c
configure:4104: $? = 0
configure:4118: gcc -E  conftest.c
conftest.c:11:28: fatal error: ac_nonexistent.h: No such file or directory
 #include <ac_nonexistent.h>
                            ^
compilation terminated.
configure:4118: $? = 1
configure: failed program was:
| /* confdefs.h */
| #define PACKAGE_NAME "FULL-PACKAGE-NAME"
| #define PACKAGE_TARNAME "full-package-name"
| #define PACKAGE_VERSION "VERSION"
| #define PACKAGE_STRING "FULL-PACKAGE-NAME VERSION"
| #define PACKAGE_BUGREPORT "BUG-REPORT-ADDRESS"
| #define PACKAGE_URL ""
| #define PACKAGE "full-package-name"
| #define VERSION "VERSION"
| /* end confdefs.h.  */
| #include <ac_nonexistent.h>
configure:4150: checking for gawk
configure:4177: result: gawk
configure:4189: checking whether ln -s works
configure:4193: result: yes
configure:4200: checking whether make sets $(MAKE)
configure:4222: result: yes
configure:4274: checking for ranlib
configure:4290: found /usr/bin/ranlib
configure:4301: result: ranlib
configure:4334: result: 64
configure:4342: checking for main in -lguide
configure:4361: gcc -o conftest   -L./ conftest.c -lguide   >&5
/usr/lib64/gcc/x86_64-slackware-linux/4.8.2/../../../../x86_64-slackware-linux/bin/ld: cannot find -lguide
collect2: error: ld returned 1 exit status
configure:4361: $? = 1
configure: failed program was:
| /* confdefs.h */
| #define PACKAGE_NAME "FULL-PACKAGE-NAME"
| #define PACKAGE_TARNAME "full-package-name"
| #define PACKAGE_VERSION "VERSION"
| #define PACKAGE_STRING "FULL-PACKAGE-NAME VERSION"
| #define PACKAGE_BUGREPORT "BUG-REPORT-ADDRESS"
| #define PACKAGE_URL ""
| #define PACKAGE "full-package-name"
| #define VERSION "VERSION"
| /* end confdefs.h.  */
| 
| 
| int
| main ()
| {
| return main ();
|   ;
|   return 0;
| }
configure:4370: result: no
configure:4382: checking for main in -lm
configure:4401: gcc -o conftest   -L./ conftest.c -lm   >&5
configure:4401: $? = 0
configure:4410: result: yes
configure:4422: checking for main in -lpthread
configure:4441: gcc -o conftest   -L./ conftest.c -lpthread  -lm  >&5
configure:4441: $? = 0
configure:4450: result: yes
configure:4464: checking for main in -lcudart
configure:4601: checking for C++ compiler version
configure:4610: /usr/local/cuda/bin/nvcc --version >&5
nvcc: NVIDIA (R) Cuda compiler driver
Copyright (c) 2005-2015 NVIDIA Corporation
Built on Tue_Aug_11_14:27:32_CDT_2015
Cuda compilation tools, release 7.5, V7.5.17
configure:4621: $? = 0
configure:4610: /usr/local/cuda/bin/nvcc -v >&5
nvcc fatal   : No input files specified; use option --help for more information
configure:4621: $? = 1
configure:4610: /usr/local/cuda/bin/nvcc -V >&5
nvcc: NVIDIA (R) Cuda compiler driver
Copyright (c) 2005-2015 NVIDIA Corporation
Built on Tue_Aug_11_14:27:32_CDT_2015
Cuda compilation tools, release 7.5, V7.5.17
configure:4621: $? = 0
configure:4610: /usr/local/cuda/bin/nvcc -qversion >&5
nvcc fatal   : Unknown option 'qversion'
configure:4621: $? = 1
configure:4625: checking whether we are using the GNU C++ compiler
configure:4644: /usr/local/cuda/bin/nvcc -c   conftest.cpp >&5
configure:4644: $? = 0
configure:4653: result: yes
configure:4662: checking whether /usr/local/cuda/bin/nvcc accepts -g
configure:4682: /usr/local/cuda/bin/nvcc -c -g  conftest.cpp >&5
configure:4682: $? = 0
configure:4723: result: yes
configure:4748: checking dependency style of /usr/local/cuda/bin/nvcc
configure:4859: result: none
configure:4882: result: yes
configure:4925: checking for main in -lgslcblas
configure:5061: checking for C++ compiler version
configure:5070: /usr/local/cuda/bin/nvcc --version >&5
nvcc: NVIDIA (R) Cuda compiler driver
Copyright (c) 2005-2015 NVIDIA Corporation
Built on Tue_Aug_11_14:27:32_CDT_2015
Cuda compilation tools, release 7.5, V7.5.17
configure:5081: $? = 0
configure:5070: /usr/local/cuda/bin/nvcc -v >&5
nvcc fatal   : No input files specified; use option --help for more information
configure:5081: $? = 1
configure:5070: /usr/local/cuda/bin/nvcc -V >&5
nvcc: NVIDIA (R) Cuda compiler driver
Copyright (c) 2005-2015 NVIDIA Corporation
Built on Tue_Aug_11_14:27:32_CDT_2015
Cuda compilation tools, release 7.5, V7.5.17
configure:5081: $? = 0
configure:5070: /usr/local/cuda/bin/nvcc -qversion >&5
nvcc fatal   : Unknown option 'qversion'
configure:5081: $? = 1
configure:5085: checking whether we are using the GNU C++ compiler
configure:5113: result: yes
configure:5122: checking whether /usr/local/cuda/bin/nvcc accepts -g
configure:5183: result: yes
configure:5208: checking dependency style of /usr/local/cuda/bin/nvcc
configure:5319: result: none
configure:5345: result: yes
configure:5367: checking for main in -lmpich
configure:5783: result: no
configure:5794: checking for main in qmdd
configure:5825: result: no
configure:5836: checking for main in measurement
configure:5851: result: no
configure:5862: checking for main in sequence
configure:5877: result: no
configure:5888: checking for main in polynomial
configure:5903: result: no
configure:5914: checking for main in elemnt
configure:5929: result: yes
configure:5977: checking for grep that handles long lines and -e
configure:6035: result: /usr/bin/grep
configure:6040: checking for egrep
configure:6102: result: /usr/bin/grep -E
configure:6107: checking for ANSI C header files
configure:6127: gcc -c   conftest.c >&5
configure:6127: $? = 0
configure:6200: gcc -o conftest   -L./  -L/usr/local/cuda/lib/cuda -lcudart -L/usr/lib64 -lgslcblas -lgsl conftest.c -lpthread -lm  >&5
/usr/lib64/gcc/x86_64-slackware-linux/4.8.2/../../../../x86_64-slackware-linux/bin/ld: cannot find -lcudart
collect2: error: ld returned 1 exit status
configure:6200: $? = 1
configure: program exited with status 1
configure: failed program was:
| /* confdefs.h */
| #define PACKAGE_NAME "FULL-PACKAGE-NAME"
| #define PACKAGE_TARNAME "full-package-name"
| #define PACKAGE_VERSION "VERSION"
| #define PACKAGE_STRING "FULL-PACKAGE-NAME VERSION"
| #define PACKAGE_BUGREPORT "BUG-REPORT-ADDRESS"
| #define PACKAGE_URL ""
| #define PACKAGE "full-package-name"
| #define VERSION "VERSION"
| #define HAVE_LIBM 1
| #define HAVE_LIBPTHREAD 1
| /* end confdefs.h.  */
| #include <ctype.h>
| #include <stdlib.h>
| #if ((' ' & 0x0FF) == 0x020)
| # define ISLOWER(c) ('a' <= (c) && (c) <= 'z')
| # define TOUPPER(c) (ISLOWER(c) ? 'A' + ((c) - 'a') : (c))
| #else
| # define ISLOWER(c) 		   (('a' <= (c) && (c) <= 'i') 		     || ('j' <= (c) && (c) <= 'r') 		     || ('s' <= (c) && (c) <= 'z'))
| # define TOUPPER(c) (ISLOWER(c) ? ((c) | 0x40) : (c))
| #endif
| 
| #define XOR(e, f) (((e) && !(f)) || (!(e) && (f)))
| int
| main ()
| {
|   int i;
|   for (i = 0; i < 256; i++)
|     if (XOR (islower (i), ISLOWER (i))
| 	|| toupper (i) != TOUPPER (i))
|       return 2;
|   return 0;
| }
configure:6211: result: no
configure:6219: checking for sys/wait.h that is POSIX.1 compatible
configure:6245: gcc -c   conftest.c >&5
configure:6245: $? = 0
configure:6252: result: yes
configure:6265: checking for sys/types.h
configure:6265: gcc -c   conftest.c >&5
configure:6265: $? = 0
configure:6265: result: yes
configure:6265: checking for sys/stat.h
configure:6265: gcc -c   conftest.c >&5
configure:6265: $? = 0
configure:6265: result: yes
configure:6265: checking for stdlib.h
configure:6265: gcc -c   conftest.c >&5
configure:6265: $? = 0
configure:6265: result: yes
configure:6265: checking for string.h
configure:6265: gcc -c   conftest.c >&5
configure:6265: $? = 0
configure:6265: result: yes
configure:6265: checking for memory.h
configure:6265: gcc -c   conftest.c >&5
configure:6265: $? = 0
configure:6265: result: yes
configure:6265: checking for strings.h
configure:6265: gcc -c   conftest.c >&5
configure:6265: $? = 0
configure:6265: result: yes
configure:6265: checking for inttypes.h
configure:6265: gcc -c   conftest.c >&5
configure:6265: $? = 0
configure:6265: result: yes
configure:6265: checking for stdint.h
configure:6265: gcc -c   conftest.c >&5
configure:6265: $? = 0
configure:6265: result: yes
configure:6265: checking for unistd.h
configure:6265: gcc -c   conftest.c >&5
configure:6265: $? = 0
configure:6265: result: yes
configure:6280: checking for stdint.h
configure:6280: result: yes
configure:6280: checking for stdlib.h
configure:6280: result: yes
configure:6280: checking sys/time.h usability
configure:6280: gcc -c   conftest.c >&5
configure:6280: $? = 0
configure:6280: result: yes
configure:6280: checking sys/time.h presence
configure:6280: gcc -E  conftest.c
configure:6280: $? = 0
configure:6280: result: yes
configure:6280: checking for sys/time.h
configure:6280: result: yes
configure:6280: checking for unistd.h
configure:6280: result: yes
configure:6292: checking for stdbool.h that conforms to C99
configure:6359: gcc -c   conftest.c >&5
configure:6359: $? = 0
configure:6366: result: yes
configure:6368: checking for _Bool
configure:6368: gcc -c   conftest.c >&5
configure:6368: $? = 0
configure:6368: gcc -c   conftest.c >&5
conftest.c: In function 'main':
conftest.c:63:20: error: expected expression before ')' token
 if (sizeof ((_Bool)))
                    ^
configure:6368: $? = 1
configure: failed program was:
| /* confdefs.h */
| #define PACKAGE_NAME "FULL-PACKAGE-NAME"
| #define PACKAGE_TARNAME "full-package-name"
| #define PACKAGE_VERSION "VERSION"
| #define PACKAGE_STRING "FULL-PACKAGE-NAME VERSION"
| #define PACKAGE_BUGREPORT "BUG-REPORT-ADDRESS"
| #define PACKAGE_URL ""
| #define PACKAGE "full-package-name"
| #define VERSION "VERSION"
| #define HAVE_LIBM 1
| #define HAVE_LIBPTHREAD 1
| #define HAVE_SYS_WAIT_H 1
| #define HAVE_SYS_TYPES_H 1
| #define HAVE_SYS_STAT_H 1
| #define HAVE_STDLIB_H 1
| #define HAVE_STRING_H 1
| #define HAVE_MEMORY_H 1
| #define HAVE_STRINGS_H 1
| #define HAVE_INTTYPES_H 1
| #define HAVE_STDINT_H 1
| #define HAVE_UNISTD_H 1
| #define HAVE_STDINT_H 1
| #define HAVE_STDLIB_H 1
| #define HAVE_SYS_TIME_H 1
| #define HAVE_UNISTD_H 1
| /* end confdefs.h.  */
| #include <stdio.h>
| #ifdef HAVE_SYS_TYPES_H
| # include <sys/types.h>
| #endif
| #ifdef HAVE_SYS_STAT_H
| # include <sys/stat.h>
| #endif
| #ifdef STDC_HEADERS
| # include <stdlib.h>
| # include <stddef.h>
| #else
| # ifdef HAVE_STDLIB_H
| #  include <stdlib.h>
| # endif
| #endif
| #ifdef HAVE_STRING_H
| # if !defined STDC_HEADERS && defined HAVE_MEMORY_H
| #  include <memory.h>
| # endif
| # include <string.h>
| #endif
| #ifdef HAVE_STRINGS_H
| # include <strings.h>
| #endif
| #ifdef HAVE_INTTYPES_H
| # include <inttypes.h>
| #endif
| #ifdef HAVE_STDINT_H
| # include <stdint.h>
| #endif
| #ifdef HAVE_UNISTD_H
| # include <unistd.h>
| #endif
| int
| main ()
| {
| if (sizeof ((_Bool)))
| 	    return 0;
|   ;
|   return 0;
| }
configure:6368: result: yes
configure:6385: checking for an ANSI C-conforming const
configure:6451: gcc -c   conftest.c >&5
configure:6451: $? = 0
configure:6458: result: yes
configure:6466: checking for inline
configure:6482: gcc -c   conftest.c >&5
configure:6482: $? = 0
configure:6490: result: inline
configure:6508: checking for pid_t
configure:6508: gcc -c   conftest.c >&5
configure:6508: $? = 0
configure:6508: gcc -c   conftest.c >&5
conftest.c: In function 'main':
conftest.c:65:20: error: expected expression before ')' token
 if (sizeof ((pid_t)))
                    ^
configure:6508: $? = 1
configure: failed program was:
| /* confdefs.h */
| #define PACKAGE_NAME "FULL-PACKAGE-NAME"
| #define PACKAGE_TARNAME "full-package-name"
| #define PACKAGE_VERSION "VERSION"
| #define PACKAGE_STRING "FULL-PACKAGE-NAME VERSION"
| #define PACKAGE_BUGREPORT "BUG-REPORT-ADDRESS"
| #define PACKAGE_URL ""
| #define PACKAGE "full-package-name"
| #define VERSION "VERSION"
| #define HAVE_LIBM 1
| #define HAVE_LIBPTHREAD 1
| #define HAVE_SYS_WAIT_H 1
| #define HAVE_SYS_TYPES_H 1
| #define HAVE_SYS_STAT_H 1
| #define HAVE_STDLIB_H 1
| #define HAVE_STRING_H 1
| #define HAVE_MEMORY_H 1
| #define HAVE_STRINGS_H 1
| #define HAVE_INTTYPES_H 1
| #define HAVE_STDINT_H 1
| #define HAVE_UNISTD_H 1
| #define HAVE_STDINT_H 1
| #define HAVE_STDLIB_H 1
| #define HAVE_SYS_TIME_H 1
| #define HAVE_UNISTD_H 1
| #define HAVE__BOOL 1
| #define HAVE_STDBOOL_H 1
| /* end confdefs.h.  */
| #include <stdio.h>
| #ifdef HAVE_SYS_TYPES_H
| # include <sys/types.h>
| #endif
| #ifdef HAVE_SYS_STAT_H
| # include <sys/stat.h>
| #endif
| #ifdef STDC_HEADERS
| # include <stdlib.h>
| # include <stddef.h>
| #else
| # ifdef HAVE_STDLIB_H
| #  include <stdlib.h>
| # endif
| #endif
| #ifdef HAVE_STRING_H
| # if !defined STDC_HEADERS && defined HAVE_MEMORY_H
| #  include <memory.h>
| # endif
| # include <string.h>
| #endif
| #ifdef HAVE_STRINGS_H
| # include <strings.h>
| #endif
| #ifdef HAVE_INTTYPES_H
| # include <inttypes.h>
| #endif
| #ifdef HAVE_STDINT_H
| # include <stdint.h>
| #endif
| #ifdef HAVE_UNISTD_H
| # include <unistd.h>
| #endif
| int
| main ()
| {
| if (sizeof ((pid_t)))
| 	    return 0;
|   ;
|   return 0;
| }
configure:6508: result: yes
configure:6519: checking whether struct tm is in sys/time.h or time.h
configure:6539: gcc -c   conftest.c >&5
configure:6539: $? = 0
configure:6546: result: time.h
configure:6554: checking for uint64_t
configure:6554: gcc -c   conftest.c >&5
configure:6554: $? = 0
configure:6554: result: yes
configure:6572: checking for stdlib.h
configure:6572: result: yes
configure:6582: checking for GNU libc compatible malloc
configure:6606: gcc -o conftest   -L./  -L/usr/local/cuda/lib/cuda -lcudart -L/usr/lib64 -lgslcblas -lgsl conftest.c -lpthread -lm  >&5
/usr/lib64/gcc/x86_64-slackware-linux/4.8.2/../../../../x86_64-slackware-linux/bin/ld: cannot find -lcudart
collect2: error: ld returned 1 exit status
configure:6606: $? = 1
configure: program exited with status 1
configure: failed program was:
| /* confdefs.h */
| #define PACKAGE_NAME "FULL-PACKAGE-NAME"
| #define PACKAGE_TARNAME "full-package-name"
| #define PACKAGE_VERSION "VERSION"
| #define PACKAGE_STRING "FULL-PACKAGE-NAME VERSION"
| #define PACKAGE_BUGREPORT "BUG-REPORT-ADDRESS"
| #define PACKAGE_URL ""
| #define PACKAGE "full-package-name"
| #define VERSION "VERSION"
| #define HAVE_LIBM 1
| #define HAVE_LIBPTHREAD 1
| #define HAVE_SYS_WAIT_H 1
| #define HAVE_SYS_TYPES_H 1
| #define HAVE_SYS_STAT_H 1
| #define HAVE_STDLIB_H 1
| #define HAVE_STRING_H 1
| #define HAVE_MEMORY_H 1
| #define HAVE_STRINGS_H 1
| #define HAVE_INTTYPES_H 1
| #define HAVE_STDINT_H 1
| #define HAVE_UNISTD_H 1
| #define HAVE_STDINT_H 1
| #define HAVE_STDLIB_H 1
| #define HAVE_SYS_TIME_H 1
| #define HAVE_UNISTD_H 1
| #define HAVE__BOOL 1
| #define HAVE_STDBOOL_H 1
| #define HAVE_STDLIB_H 1
| /* end confdefs.h.  */
| #if defined STDC_HEADERS || defined HAVE_STDLIB_H
| # include <stdlib.h>
| #else
| char *malloc ();
| #endif
| 
| int
| main ()
| {
| return ! malloc (0);
|   ;
|   return 0;
| }
configure:6616: result: no
configure:6640: checking for getpagesize
configure:6640: gcc -o conftest   -L./  -L/usr/local/cuda/lib/cuda -lcudart -L/usr/lib64 -lgslcblas -lgsl conftest.c -lpthread -lm  >&5
/usr/lib64/gcc/x86_64-slackware-linux/4.8.2/../../../../x86_64-slackware-linux/bin/ld: cannot find -lcudart
collect2: error: ld returned 1 exit status
configure:6640: $? = 1
configure: failed program was:
| /* confdefs.h */
| #define PACKAGE_NAME "FULL-PACKAGE-NAME"
| #define PACKAGE_TARNAME "full-package-name"
| #define PACKAGE_VERSION "VERSION"
| #define PACKAGE_STRING "FULL-PACKAGE-NAME VERSION"
| #define PACKAGE_BUGREPORT "BUG-REPORT-ADDRESS"
| #define PACKAGE_URL ""
| #define PACKAGE "full-package-name"
| #define VERSION "VERSION"
| #define HAVE_LIBM 1
| #define HAVE_LIBPTHREAD 1
| #define HAVE_SYS_WAIT_H 1
| #define HAVE_SYS_TYPES_H 1
| #define HAVE_SYS_STAT_H 1
| #define HAVE_STDLIB_H 1
| #define HAVE_STRING_H 1
| #define HAVE_MEMORY_H 1
| #define HAVE_STRINGS_H 1
| #define HAVE_INTTYPES_H 1
| #define HAVE_STDINT_H 1
| #define HAVE_UNISTD_H 1
| #define HAVE_STDINT_H 1
| #define HAVE_STDLIB_H 1
| #define HAVE_SYS_TIME_H 1
| #define HAVE_UNISTD_H 1
| #define HAVE__BOOL 1
| #define HAVE_STDBOOL_H 1
| #define HAVE_STDLIB_H 1
| #define HAVE_MALLOC 0
| #define malloc rpl_malloc
| /* end confdefs.h.  */
| /* Define getpagesize to an innocuous variant, in case <limits.h> declares getpagesize.
|    For example, HP-UX 11i <limits.h> declares gettimeofday.  */
| #define getpagesize innocuous_getpagesize
| 
| /* System header to define __stub macros and hopefully few prototypes,
|     which can conflict with char getpagesize (); below.
|     Prefer <limits.h> to <assert.h> if __STDC__ is defined, since
|     <limits.h> exists even on freestanding compilers.  */
| 
| #ifdef __STDC__
| # include <limits.h>
| #else
| # include <assert.h>
| #endif
| 
| #undef getpagesize
| 
| /* Override any GCC internal prototype to avoid an error.
|    Use char because int might match the return type of a GCC
|    builtin and then its argument prototype would still apply.  */
| #ifdef __cplusplus
| extern "C"
| #endif
| char getpagesize ();
| /* The GNU C library defines this for functions which it implements
|     to always fail with ENOSYS.  Some functions are actually named
|     something starting with __ and the normal name is an alias.  */
| #if defined __stub_getpagesize || defined __stub___getpagesize
| choke me
| #endif
| 
| int
| main ()
| {
| return getpagesize ();
|   ;
|   return 0;
| }
configure:6640: result: no
configure:6640: checking for pow
configure:6640: gcc -o conftest   -L./  -L/usr/local/cuda/lib/cuda -lcudart -L/usr/lib64 -lgslcblas -lgsl conftest.c -lpthread -lm  >&5
conftest.c:55:6: warning: conflicting types for built-in function 'pow' [enabled by default]
 char pow ();
      ^
/usr/lib64/gcc/x86_64-slackware-linux/4.8.2/../../../../x86_64-slackware-linux/bin/ld: cannot find -lcudart
collect2: error: ld returned 1 exit status
configure:6640: $? = 1
configure: failed program was:
| /* confdefs.h */
| #define PACKAGE_NAME "FULL-PACKAGE-NAME"
| #define PACKAGE_TARNAME "full-package-name"
| #define PACKAGE_VERSION "VERSION"
| #define PACKAGE_STRING "FULL-PACKAGE-NAME VERSION"
| #define PACKAGE_BUGREPORT "BUG-REPORT-ADDRESS"
| #define PACKAGE_URL ""
| #define PACKAGE "full-package-name"
| #define VERSION "VERSION"
| #define HAVE_LIBM 1
| #define HAVE_LIBPTHREAD 1
| #define HAVE_SYS_WAIT_H 1
| #define HAVE_SYS_TYPES_H 1
| #define HAVE_SYS_STAT_H 1
| #define HAVE_STDLIB_H 1
| #define HAVE_STRING_H 1
| #define HAVE_MEMORY_H 1
| #define HAVE_STRINGS_H 1
| #define HAVE_INTTYPES_H 1
| #define HAVE_STDINT_H 1
| #define HAVE_UNISTD_H 1
| #define HAVE_STDINT_H 1
| #define HAVE_STDLIB_H 1
| #define HAVE_SYS_TIME_H 1
| #define HAVE_UNISTD_H 1
| #define HAVE__BOOL 1
| #define HAVE_STDBOOL_H 1
| #define HAVE_STDLIB_H 1
| #define HAVE_MALLOC 0
| #define malloc rpl_malloc
| /* end confdefs.h.  */
| /* Define pow to an innocuous variant, in case <limits.h> declares pow.
|    For example, HP-UX 11i <limits.h> declares gettimeofday.  */
| #define pow innocuous_pow
| 
| /* System header to define __stub macros and hopefully few prototypes,
|     which can conflict with char pow (); below.
|     Prefer <limits.h> to <assert.h> if __STDC__ is defined, since
|     <limits.h> exists even on freestanding compilers.  */
| 
| #ifdef __STDC__
| # include <limits.h>
| #else
| # include <assert.h>
| #endif
| 
| #undef pow
| 
| /* Override any GCC internal prototype to avoid an error.
|    Use char because int might match the return type of a GCC
|    builtin and then its argument prototype would still apply.  */
| #ifdef __cplusplus
| extern "C"
| #endif
| char pow ();
| /* The GNU C library defines this for functions which it implements
|     to always fail with ENOSYS.  Some functions are actually named
|     something starting with __ and the normal name is an alias.  */
| #if defined __stub_pow || defined __stub___pow
| choke me
| #endif
| 
| int
| main ()
| {
| return pow ();
|   ;
|   return 0;
| }
configure:6640: result: no
configure:6640: checking for sqrt
configure:6640: gcc -o conftest   -L./  -L/usr/local/cuda/lib/cuda -lcudart -L/usr/lib64 -lgslcblas -lgsl conftest.c -lpthread -lm  >&5
conftest.c:55:6: warning: conflicting types for built-in function 'sqrt' [enabled by default]
 char sqrt ();
      ^
/usr/lib64/gcc/x86_64-slackware-linux/4.8.2/../../../../x86_64-slackware-linux/bin/ld: cannot find -lcudart
collect2: error: ld returned 1 exit status
configure:6640: $? = 1
configure: failed program was:
| /* confdefs.h */
| #define PACKAGE_NAME "FULL-PACKAGE-NAME"
| #define PACKAGE_TARNAME "full-package-name"
| #define PACKAGE_VERSION "VERSION"
| #define PACKAGE_STRING "FULL-PACKAGE-NAME VERSION"
| #define PACKAGE_BUGREPORT "BUG-REPORT-ADDRESS"
| #define PACKAGE_URL ""
| #define PACKAGE "full-package-name"
| #define VERSION "VERSION"
| #define HAVE_LIBM 1
| #define HAVE_LIBPTHREAD 1
| #define HAVE_SYS_WAIT_H 1
| #define HAVE_SYS_TYPES_H 1
| #define HAVE_SYS_STAT_H 1
| #define HAVE_STDLIB_H 1
| #define HAVE_STRING_H 1
| #define HAVE_MEMORY_H 1
| #define HAVE_STRINGS_H 1
| #define HAVE_INTTYPES_H 1
| #define HAVE_STDINT_H 1
| #define HAVE_UNISTD_H 1
| #define HAVE_STDINT_H 1
| #define HAVE_STDLIB_H 1
| #define HAVE_SYS_TIME_H 1
| #define HAVE_UNISTD_H 1
| #define HAVE__BOOL 1
| #define HAVE_STDBOOL_H 1
| #define HAVE_STDLIB_H 1
| #define HAVE_MALLOC 0
| #define malloc rpl_malloc
| /* end confdefs.h.  */
| /* Define sqrt to an innocuous variant, in case <limits.h> declares sqrt.
|    For example, HP-UX 11i <limits.h> declares gettimeofday.  */
| #define sqrt innocuous_sqrt
| 
| /* System header to define __stub macros and hopefully few prototypes,
|     which can conflict with char sqrt (); below.
|     Prefer <limits.h> to <assert.h> if __STDC__ is defined, since
|     <limits.h> exists even on freestanding compilers.  */
| 
| #ifdef __STDC__
| # include <limits.h>
| #else
| # include <assert.h>
| #endif
| 
| #undef sqrt
| 
| /* Override any GCC internal prototype to avoid an error.
|    Use char because int might match the return type of a GCC
|    builtin and then its argument prototype would still apply.  */
| #ifdef __cplusplus
| extern "C"
| #endif
| char sqrt ();
| /* The GNU C library defines this for functions which it implements
|     to always fail with ENOSYS.  Some functions are actually named
|     something starting with __ and the normal name is an alias.  */
| #if defined __stub_sqrt || defined __stub___sqrt
| choke me
| #endif
| 
| int
| main ()
| {
| return sqrt ();
|   ;
|   return 0;
| }
configure:6640: result: no
configure:6761: checking that generated files are newer than configure
configure:6767: result: done
configure:6842: creating ./config.status

## ---------------- ##
## Cache variables. ##
## ---------------- ##

ac_cv_c_compiler_gnu=yes
ac_cv_c_const=yes
ac_cv_c_inline=inline
ac_cv_c_uint64_t=yes
ac_cv_cxx_compiler_gnu=yes
ac_cv_env_CCC_set=
ac_cv_env_CCC_value=
ac_cv_env_CC_set=
ac_cv_env_CC_value=
ac_cv_env_CFLAGS_set=
ac_cv_env_CFLAGS_value=
ac_cv_env_CPPFLAGS_set=
ac_cv_env_CPPFLAGS_value=
ac_cv_env_CPP_set=
ac_cv_env_CPP_value=
ac_cv_env_CXXFLAGS_set=
ac_cv_env_CXXFLAGS_value=
ac_cv_env_CXX_set=
ac_cv_env_CXX_value=
ac_cv_env_LDFLAGS_set=
ac_cv_env_LDFLAGS_value=
ac_cv_env_LIBS_set=
ac_cv_env_LIBS_value=
ac_cv_env_build_alias_set=
ac_cv_env_build_alias_value=
ac_cv_env_host_alias_set=
ac_cv_env_host_alias_value=
ac_cv_env_target_alias_set=
ac_cv_env_target_alias_value=
ac_cv_func_getpagesize=no
ac_cv_func_malloc_0_nonnull=no
ac_cv_func_pow=no
ac_cv_func_sqrt=no
ac_cv_header_inttypes_h=yes
ac_cv_header_memory_h=yes
ac_cv_header_stdbool_h=yes
ac_cv_header_stdc=no
ac_cv_header_stdint_h=yes
ac_cv_header_stdlib_h=yes
ac_cv_header_string_h=yes
ac_cv_header_strings_h=yes
ac_cv_header_sys_stat_h=yes
ac_cv_header_sys_time_h=yes
ac_cv_header_sys_types_h=yes
ac_cv_header_sys_wait_h=yes
ac_cv_header_unistd_h=yes
ac_cv_lib_guide_main=no
ac_cv_lib_m_main=yes
ac_cv_lib_pthread_main=yes
ac_cv_objext=o
ac_cv_path_EGREP='/usr/bin/grep -E'
ac_cv_path_GREP=/usr/bin/grep
ac_cv_path_install='/usr/bin/ginstall -c'
ac_cv_path_mkdir=/usr/bin/mkdir
ac_cv_prog_AWK=gawk
ac_cv_prog_CPP='gcc -E'
ac_cv_prog_ac_ct_CC=gcc
ac_cv_prog_ac_ct_RANLIB=ranlib
ac_cv_prog_cc_c89=
ac_cv_prog_cc_g=yes
ac_cv_prog_cxx_g=yes
ac_cv_prog_make_make_set=yes
ac_cv_struct_tm=time.h
ac_cv_type__Bool=yes
ac_cv_type_pid_t=yes
am_cv_CC_dependencies_compiler_type=gcc3
am_cv_CXX_dependencies_compiler_type=none
am_cv_make_support_nested_variables=yes
am_cv_prog_cc_c_o=yes

## ----------------- ##
## Output variables. ##
## ----------------- ##

ACLOCAL='aclocal-1.15'
AMDEPBACKSLASH='\'
AMDEP_FALSE='#'
AMDEP_TRUE=''
AMTAR='$${TAR-tar}'
AM_BACKSLASH='\'
AM_DEFAULT_V='$(AM_DEFAULT_VERBOSITY)'
AM_DEFAULT_VERBOSITY='1'
AM_V='$(V)'
AUTOCONF='autoconf'
AUTOHEADER='autoheader'
AUTOMAKE='automake-1.15'
AWK='gawk'
BITAGE='64'
CC='gcc'
CCDEPMODE='depmode=gcc3'
CFLAGS=''
CPP='gcc -E'
CPPFLAGS=''
CUDA_CFLAGS='-D__CUDA__ -D__CUDA_SDK__ -I/usr/local/cuda/include'
CUDA_FALSE='#'
CUDA_LIBS=' -L/usr/local/cuda/lib/cuda -lcudart'
CUDA_PREFIX='/usr/local/cuda'
CUDA_TRUE=''
CXX='/usr/local/cuda/bin/nvcc'
CXXDEPMODE='depmode=none'
CXXFLAGS=' -D__CUDA__ -D__CUDA_SDK__ -I/usr/local/cuda/include -D__GSLBLAS__ -I/usr/include/gsl -m64  -D__ELEM__'
CYGPATH_W='echo'
DEFS='-DHAVE_CONFIG_H'
DEPDIR='.deps'
ECHO_C=''
ECHO_N='-n'
ECHO_T=''
EGREP='/usr/bin/grep -E'
ELEM_FALSE='#'
ELEM_TRUE=''
EXEEXT=''
GREP='/usr/bin/grep'
GSLBLAS_CFLAGS='-D__GSLBLAS__ -I/usr/include/gsl'
GSLBLAS_FALSE='#'
GSLBLAS_LIBS='-L/usr/lib64 -lgslcblas -lgsl'
GSLBLAS_PREFIX='/usr'
GSLBLAS_TRUE=''
INSTALL_DATA='${INSTALL} -m 644'
INSTALL_PROGRAM='${INSTALL}'
INSTALL_SCRIPT='${INSTALL}'
INSTALL_STRIP_PROGRAM='$(install_sh) -c -s'
LDFLAGS='-L./  -L/usr/local/cuda/lib/cuda -lcudart -L/usr/lib64 -lgslcblas -lgsl'
LIBOBJS=' ${LIBOBJDIR}malloc$U.o'
LIBS='-lpthread -lm '
LN_S='ln -s'
LTLIBOBJS=' ${LIBOBJDIR}malloc$U.lo'
MAKEINFO='makeinfo'
MKDIR_P='/usr/bin/mkdir -p'
MPI_CFLAGS=''
MPI_FALSE=''
MPI_LIBS=''
MPI_PREFIX=''
MPI_TRUE='#'
MSRMNT_FALSE=''
MSRMNT_TRUE='#'
OBJEXT='o'
PACKAGE='full-package-name'
PACKAGE_BUGREPORT='BUG-REPORT-ADDRESS'
PACKAGE_NAME='FULL-PACKAGE-NAME'
PACKAGE_STRING='FULL-PACKAGE-NAME VERSION'
PACKAGE_TARNAME='full-package-name'
PACKAGE_URL=''
PACKAGE_VERSION='VERSION'
PATH_SEPARATOR=':'
PLNM_FALSE=''
PLNM_TRUE='#'
QMDD_CFLAGS=''
QMDD_FALSE=''
QMDD_LIBS=''
QMDD_PREFIX=''
QMDD_TRUE='#'
RANLIB='ranlib'
SET_MAKE=''
SHELL='/bin/sh'
SQNC_FALSE=''
SQNC_TRUE='#'
STRIP=''
VERSION='VERSION'
ac_ct_CC='gcc'
ac_ct_CXX=''
am__EXEEXT_FALSE=''
am__EXEEXT_TRUE='#'
am__fastdepCC_FALSE='#'
am__fastdepCC_TRUE=''
am__fastdepCXX_FALSE=''
am__fastdepCXX_TRUE='#'
am__include='include'
am__isrc=''
am__leading_dot='.'
am__nodep='_no'
am__quote=''
am__tar='$${TAR-tar} chof - "$$tardir"'
am__untar='$${TAR-tar} xf -'
bindir='${exec_prefix}/bin'
build_alias=''
datadir='${datarootdir}'
datarootdir='${prefix}/share'
docdir='${datarootdir}/doc/${PACKAGE_TARNAME}'
dvidir='${docdir}'
exec_prefix='${prefix}'
host_alias=''
htmldir='${docdir}'
includedir='${prefix}/include'
infodir='${datarootdir}/info'
install_sh='${SHELL} /home/lukacm/epig/trunk/install-sh'
libdir='${exec_prefix}/lib'
libexecdir='${exec_prefix}/libexec'
localedir='${datarootdir}/locale'
localstatedir='${prefix}/var'
mandir='${datarootdir}/man'
mkdir_p='$(MKDIR_P)'
oldincludedir='/usr/include'
pdfdir='${docdir}'
prefix='/usr/local'
program_transform_name='s,x,x,'
psdir='${docdir}'
sbindir='${exec_prefix}/sbin'
sharedstatedir='${prefix}/com'
sysconfdir='${prefix}/etc'
target_alias=''

## ----------- ##
## confdefs.h. ##
## ----------- ##

/* confdefs.h */
#define PACKAGE_NAME "FULL-PACKAGE-NAME"
#define PACKAGE_TARNAME "full-package-name"
#define PACKAGE_VERSION "VERSION"
#define PACKAGE_STRING "FULL-PACKAGE-NAME VERSION"
#define PACKAGE_BUGREPORT "BUG-REPORT-ADDRESS"
#define PACKAGE_URL ""
#define PACKAGE "full-package-name"
#define VERSION "VERSION"
#define HAVE_LIBM 1
#define HAVE_LIBPTHREAD 1
#define HAVE_SYS_WAIT_H 1
#define HAVE_SYS_TYPES_H 1
#define HAVE_SYS_STAT_H 1
#define HAVE_STDLIB_H 1
#define HAVE_STRING_H 1
#define HAVE_MEMORY_H 1
#define HAVE_STRINGS_H 1
#define HAVE_INTTYPES_H 1
#define HAVE_STDINT_H 1
#define HAVE_UNISTD_H 1
#define HAVE_STDINT_H 1
#define HAVE_STDLIB_H 1
#define HAVE_SYS_TIME_H 1
#define HAVE_UNISTD_H 1
#define HAVE__BOOL 1
#define HAVE_STDBOOL_H 1
#define HAVE_STDLIB_H 1
#define HAVE_MALLOC 0
#define malloc rpl_malloc

configure: exit 0

## ---------------------- ##
## Running config.status. ##
## ---------------------- ##

This file was extended by FULL-PACKAGE-NAME config.status VERSION, which was
generated by GNU Autoconf 2.69.  Invocation command line was

  CONFIG_FILES    = 
  CONFIG_HEADERS  = 
  CONFIG_LINKS    = 
  CONFIG_COMMANDS = 
  $ ./config.status 

on darklands

config.status:901: creating Makefile
config.status:901: creating src/Makefile
config.status:901: creating config.h
config.status:1082: config.h is unchanged
config.status:1130: executing depfiles commands

## ---------------------- ##
## Running config.status. ##
## ---------------------- ##

This file was extended by FULL-PACKAGE-NAME config.status VERSION, which was
generated by GNU Autoconf 2.69.  Invocation command line was

  CONFIG_FILES    = 
  CONFIG_HEADERS  = 
  CONFIG_LINKS    = 
  CONFIG_COMMANDS = 
  $ ./config.status config.h

on darklands

config.status:901: creating config.h
config.status:1082: config.h is unchanged
