This file contains any messages produced by compilers while
running configure, to aid debugging if configure makes a mistake.

It was created by FULL-PACKAGE-NAME configure VERSION, which was
generated by GNU Autoconf 2.61.  Invocation command line was

  $ ./configure --with-cudart=/usr/local/cuda32/cuda/ --with-gslblas=/usr/local/

## --------- ##
## Platform. ##
## --------- ##

hostname = UltraSim
uname -m = x86_64
uname -r = 2.6.25.5-1.1-default
uname -s = Linux
uname -v = #1 SMP 2008-06-07 01:55:22 +0200

/usr/bin/uname -p = unknown
/bin/uname -X     = unknown

/bin/arch              = x86_64
/usr/bin/arch -k       = unknown
/usr/convex/getsysinfo = unknown
/usr/bin/hostinfo      = unknown
/bin/machine           = unknown
/usr/bin/oslevel       = unknown
/bin/universe          = unknown

PATH: /cad/vdec/synopsys/hspice/2006.03/hspice/bin
PATH: /cad/vdec/synopsys/hspice/2006.03/hspice/linux
PATH: /cad/vdec/synopsys/hspice/2006.03/hspice/linux/veriloga_utils/veriloga/include
PATH: /cad/vdec/synopsys/hspice/2006.03/hspice/bin
PATH: /cad/vdec/synopsys/hspice/2006.03/hspice/linux
PATH: /cad/vdec/synopsys/hspice/2006.03/hspice/linux/veriloga_utils/veriloga/include
PATH: /usr/bin
PATH: /bin
PATH: /usr/sbin
PATH: /sbin
PATH: /usr/local/bin
PATH: /usr/bin/X11
PATH: /usr/X11R6/bin
PATH: /usr/games
PATH: /opt/kde3/bin
PATH: /usr/lib/mit/bin
PATH: /usr/lib/mit/sbin
PATH: /usr/lib/qt3/bin
PATH: /cad/vdec/cadence/IC5141USR6/tools.lnx86/bin
PATH: /cad/vdec/cadence/IC5141USR6/LDV51/tools.lnx86/bin
PATH: /cad/vdec/cadence/IC5141USR6/tools.lnx86/dfII/bin
PATH: /cad/vdec/cadence/IC5141USR6/tools.lnx86/dracula/bin
PATH: /cad/vdec/cadence/ASSURA/ASSURA0320/tools/assura/bin
PATH: /cad/vdec/cadence/ASSURA/ASSURA0320/tools/dfII/bin
PATH: /cad/vdec/cadence/ASSURA/ASSURA0320/tools/bin
PATH: /cad/vdec/synopsys/astro/2004.12-SP1/bin/IA.32
PATH: /cad/vdec/synopsys/synthesis/2004.12-SP2/linux/syn/bin
PATH: /cad/vdec/synopsys/nanosim/2004.12-SP1/linux/ns/bin
PATH: /cad/vdec/synopsys/cosmos/2006.03/ai_bin
PATH: /cad/vdec/synopsys/hsim/2006.06/hsimplus/bin
PATH: /cad/vdec/synopsys/SOLD/2006.03
PATH: /cad/vdec/synopsys/primepower/2006.06/bin
PATH: /cad/vdec/synopsys/astro/2006.06/bin/IA.32
PATH: /cad/vdec/mentor/Calibre/ixl_cal_2008.3_34.24/bin
PATH: /cad/vdec/mentor/modelsim/6.1/bin
PATH: /cad/vdec/mentor/modelsim/6.1/linux
PATH: /cad/vdec/mentor/Precision/2005a.56/Mgc_home/bin


## ----------- ##
## Core tests. ##
## ----------- ##

configure:1824: checking for a BSD-compatible install
configure:1880: result: /usr/bin/install -c
configure:1891: checking whether build environment is sane
configure:1934: result: yes
configure:1962: checking for a thread-safe mkdir -p
configure:2001: result: /bin/mkdir -p
configure:2014: checking for gawk
configure:2030: found /usr/bin/gawk
configure:2041: result: gawk
configure:2052: checking whether make sets $(MAKE)
configure:2073: result: yes
configure:2315: checking for gcc
configure:2331: found /usr/bin/gcc
configure:2342: result: gcc
configure:2580: checking for C compiler version
configure:2587: gcc --version >&5
gcc (SUSE Linux) 4.3.1 20080507 (prerelease) [gcc-4_3-branch revision 135036]
Copyright (C) 2008 Free Software Foundation, Inc.
This is free software; see the source for copying conditions.  There is NO
warranty; not even for MERCHANTABILITY or FITNESS FOR A PARTICULAR PURPOSE.

configure:2590: $? = 0
configure:2597: gcc -v >&5
Using built-in specs.
Target: x86_64-suse-linux
Configured with: ../configure --prefix=/usr --with-local-prefix=/usr/local --infodir=/usr/share/info --mandir=/usr/share/man --libdir=/usr/lib64 --libexecdir=/usr/lib64 --enable-languages=c,c++,objc,fortran,obj-c++,java,ada --enable-checking=release --with-gxx-include-dir=/usr/include/c++/4.3 --enable-ssp --disable-libssp --with-bugurl=http://bugs.opensuse.org/ --with-pkgversion='SUSE Linux' --disable-libgcj --with-slibdir=/lib64 --with-system-zlib --enable-__cxa_atexit --enable-libstdcxx-allocator=new --disable-libstdcxx-pch --program-suffix=-4.3 --enable-version-specific-runtime-libs --enable-linux-futex --without-system-libunwind --with-cpu=generic --build=x86_64-suse-linux
Thread model: posix
gcc version 4.3.1 20080507 (prerelease) [gcc-4_3-branch revision 135036] (SUSE Linux) 
configure:2600: $? = 0
configure:2607: gcc -V >&5
gcc: '-V' option must have argument
configure:2610: $? = 1
configure:2633: checking for C compiler default output file name
configure:2660: gcc    conftest.c  >&5
configure:2663: $? = 0
configure:2701: result: a.out
configure:2718: checking whether the C compiler works
configure:2728: ./a.out
configure:2731: $? = 0
configure:2748: result: yes
configure:2755: checking whether we are cross compiling
configure:2757: result: no
configure:2760: checking for suffix of executables
configure:2767: gcc -o conftest    conftest.c  >&5
configure:2770: $? = 0
configure:2794: result: 
configure:2800: checking for suffix of object files
configure:2826: gcc -c   conftest.c >&5
configure:2829: $? = 0
configure:2852: result: o
configure:2856: checking whether we are using the GNU C compiler
configure:2885: gcc -c   conftest.c >&5
configure:2891: $? = 0
configure:2908: result: yes
configure:2913: checking whether gcc accepts -g
configure:2943: gcc -c -g  conftest.c >&5
configure:2949: $? = 0
configure:3048: result: yes
configure:3065: checking for gcc option to accept ISO C89
configure:3139: gcc  -c -g -O2  conftest.c >&5
configure:3145: $? = 0
configure:3168: result: none needed
configure:3197: checking for style of include used by make
configure:3225: result: GNU
configure:3250: checking dependency style of gcc
configure:3341: result: gcc3
configure:3361: checking how to run the C preprocessor
configure:3401: gcc -E  conftest.c
configure:3407: $? = 0
configure:3438: gcc -E  conftest.c
conftest.c:10:28: error: ac_nonexistent.h: No such file or directory
configure:3444: $? = 1
configure: failed program was:
| /* confdefs.h.  */
| #define PACKAGE_NAME "FULL-PACKAGE-NAME"
| #define PACKAGE_TARNAME "full-package-name"
| #define PACKAGE_VERSION "VERSION"
| #define PACKAGE_STRING "FULL-PACKAGE-NAME VERSION"
| #define PACKAGE_BUGREPORT "BUG-REPORT-ADDRESS"
| #define PACKAGE ""
| #define VERSION ""
| /* end confdefs.h.  */
| #include <ac_nonexistent.h>
configure:3477: result: gcc -E
configure:3506: gcc -E  conftest.c
configure:3512: $? = 0
configure:3543: gcc -E  conftest.c
conftest.c:10:28: error: ac_nonexistent.h: No such file or directory
configure:3549: $? = 1
configure: failed program was:
| /* confdefs.h.  */
| #define PACKAGE_NAME "FULL-PACKAGE-NAME"
| #define PACKAGE_TARNAME "full-package-name"
| #define PACKAGE_VERSION "VERSION"
| #define PACKAGE_STRING "FULL-PACKAGE-NAME VERSION"
| #define PACKAGE_BUGREPORT "BUG-REPORT-ADDRESS"
| #define PACKAGE ""
| #define VERSION ""
| /* end confdefs.h.  */
| #include <ac_nonexistent.h>
configure:3590: checking for gawk
configure:3617: result: gawk
configure:3641: checking for a BSD-compatible install
configure:3697: result: /usr/bin/install -c
configure:3708: checking whether ln -s works
configure:3712: result: yes
configure:3719: checking whether make sets $(MAKE)
configure:3740: result: yes
configure:3792: checking for ranlib
configure:3808: found /usr/bin/ranlib
configure:3819: result: ranlib
configure:3845: checking for a thread-safe mkdir -p
configure:3884: result: /bin/mkdir -p
configure:3897: result: 32
configure:3906: checking for main in -lguide
configure:3935: gcc -o conftest   -L./ conftest.c -lguide   >&5
/usr/lib64/gcc/x86_64-suse-linux/4.3/../../../../x86_64-suse-linux/bin/ld: cannot find -lguide
collect2: ld returned 1 exit status
configure:3941: $? = 1
configure: failed program was:
| /* confdefs.h.  */
| #define PACKAGE_NAME "FULL-PACKAGE-NAME"
| #define PACKAGE_TARNAME "full-package-name"
| #define PACKAGE_VERSION "VERSION"
| #define PACKAGE_STRING "FULL-PACKAGE-NAME VERSION"
| #define PACKAGE_BUGREPORT "BUG-REPORT-ADDRESS"
| #define PACKAGE ""
| #define VERSION ""
| /* end confdefs.h.  */
| 
| 
| int
| main ()
| {
| return main ();
|   ;
|   return 0;
| }
configure:3959: result: no
configure:3972: checking for main in -lm
configure:4001: gcc -o conftest   -L./ conftest.c -lm   >&5
configure:4007: $? = 0
configure:4025: result: yes
configure:4038: checking for main in -lpthread
configure:4067: gcc -o conftest   -L./ conftest.c -lpthread  -lm  >&5
configure:4073: $? = 0
configure:4091: result: yes
configure:4105: checking for main in -lcudart
configure:4247: checking for C++ compiler version
configure:4254: /usr/local/cuda32/cuda//bin/nvcc --version >&5
/usr/local/cuda32/cuda//bin/nvcc: /cad/vdec/cadence/IC5141_200604/tools.lnx86/lib/libgcc_s.so.1: version `GCC_4.2.0' not found (required by /usr/lib/libstdc++.so.6)
/usr/local/cuda32/cuda//bin/nvcc: /cad/vdec/cadence/IC5141_200604/tools.lnx86/lib/libgcc_s.so.1: version `GCC_3.3' not found (required by /usr/lib/libstdc++.so.6)
configure:4257: $? = 1
configure:4264: /usr/local/cuda32/cuda//bin/nvcc -v >&5
/usr/local/cuda32/cuda//bin/nvcc: /cad/vdec/cadence/IC5141_200604/tools.lnx86/lib/libgcc_s.so.1: version `GCC_4.2.0' not found (required by /usr/lib/libstdc++.so.6)
/usr/local/cuda32/cuda//bin/nvcc: /cad/vdec/cadence/IC5141_200604/tools.lnx86/lib/libgcc_s.so.1: version `GCC_3.3' not found (required by /usr/lib/libstdc++.so.6)
configure:4267: $? = 1
configure:4274: /usr/local/cuda32/cuda//bin/nvcc -V >&5
/usr/local/cuda32/cuda//bin/nvcc: /cad/vdec/cadence/IC5141_200604/tools.lnx86/lib/libgcc_s.so.1: version `GCC_4.2.0' not found (required by /usr/lib/libstdc++.so.6)
/usr/local/cuda32/cuda//bin/nvcc: /cad/vdec/cadence/IC5141_200604/tools.lnx86/lib/libgcc_s.so.1: version `GCC_3.3' not found (required by /usr/lib/libstdc++.so.6)
configure:4277: $? = 1
configure:4280: checking whether we are using the GNU C++ compiler
configure:4309: /usr/local/cuda32/cuda//bin/nvcc -c   conftest.cpp >&5
/usr/local/cuda32/cuda//bin/nvcc: /cad/vdec/cadence/IC5141_200604/tools.lnx86/lib/libgcc_s.so.1: version `GCC_4.2.0' not found (required by /usr/lib/libstdc++.so.6)
/usr/local/cuda32/cuda//bin/nvcc: /cad/vdec/cadence/IC5141_200604/tools.lnx86/lib/libgcc_s.so.1: version `GCC_3.3' not found (required by /usr/lib/libstdc++.so.6)
configure:4315: $? = 1
configure: failed program was:
| /* confdefs.h.  */
| #define PACKAGE_NAME "FULL-PACKAGE-NAME"
| #define PACKAGE_TARNAME "full-package-name"
| #define PACKAGE_VERSION "VERSION"
| #define PACKAGE_STRING "FULL-PACKAGE-NAME VERSION"
| #define PACKAGE_BUGREPORT "BUG-REPORT-ADDRESS"
| #define PACKAGE ""
| #define VERSION ""
| #define HAVE_LIBM 1
| #define HAVE_LIBPTHREAD 1
| /* end confdefs.h.  */
| 
| int
| main ()
| {
| #ifndef __GNUC__
|        choke me
| #endif
| 
|   ;
|   return 0;
| }
configure:4332: result: no
configure:4337: checking whether /usr/local/cuda32/cuda//bin/nvcc accepts -g
configure:4367: /usr/local/cuda32/cuda//bin/nvcc -c -g  conftest.cpp >&5
/usr/local/cuda32/cuda//bin/nvcc: /cad/vdec/cadence/IC5141_200604/tools.lnx86/lib/libgcc_s.so.1: version `GCC_4.2.0' not found (required by /usr/lib/libstdc++.so.6)
/usr/local/cuda32/cuda//bin/nvcc: /cad/vdec/cadence/IC5141_200604/tools.lnx86/lib/libgcc_s.so.1: version `GCC_3.3' not found (required by /usr/lib/libstdc++.so.6)
configure:4373: $? = 1
configure: failed program was:
| /* confdefs.h.  */
| #define PACKAGE_NAME "FULL-PACKAGE-NAME"
| #define PACKAGE_TARNAME "full-package-name"
| #define PACKAGE_VERSION "VERSION"
| #define PACKAGE_STRING "FULL-PACKAGE-NAME VERSION"
| #define PACKAGE_BUGREPORT "BUG-REPORT-ADDRESS"
| #define PACKAGE ""
| #define VERSION ""
| #define HAVE_LIBM 1
| #define HAVE_LIBPTHREAD 1
| /* end confdefs.h.  */
| 
| int
| main ()
| {
| 
|   ;
|   return 0;
| }
configure:4405: /usr/local/cuda32/cuda//bin/nvcc -c   conftest.cpp >&5
/usr/local/cuda32/cuda//bin/nvcc: /cad/vdec/cadence/IC5141_200604/tools.lnx86/lib/libgcc_s.so.1: version `GCC_4.2.0' not found (required by /usr/lib/libstdc++.so.6)
/usr/local/cuda32/cuda//bin/nvcc: /cad/vdec/cadence/IC5141_200604/tools.lnx86/lib/libgcc_s.so.1: version `GCC_3.3' not found (required by /usr/lib/libstdc++.so.6)
configure:4411: $? = 1
configure: failed program was:
| /* confdefs.h.  */
| #define PACKAGE_NAME "FULL-PACKAGE-NAME"
| #define PACKAGE_TARNAME "full-package-name"
| #define PACKAGE_VERSION "VERSION"
| #define PACKAGE_STRING "FULL-PACKAGE-NAME VERSION"
| #define PACKAGE_BUGREPORT "BUG-REPORT-ADDRESS"
| #define PACKAGE ""
| #define VERSION ""
| #define HAVE_LIBM 1
| #define HAVE_LIBPTHREAD 1
| /* end confdefs.h.  */
| 
| int
| main ()
| {
| 
|   ;
|   return 0;
| }
configure:4444: /usr/local/cuda32/cuda//bin/nvcc -c -g  conftest.cpp >&5
/usr/local/cuda32/cuda//bin/nvcc: /cad/vdec/cadence/IC5141_200604/tools.lnx86/lib/libgcc_s.so.1: version `GCC_4.2.0' not found (required by /usr/lib/libstdc++.so.6)
/usr/local/cuda32/cuda//bin/nvcc: /cad/vdec/cadence/IC5141_200604/tools.lnx86/lib/libgcc_s.so.1: version `GCC_3.3' not found (required by /usr/lib/libstdc++.so.6)
configure:4450: $? = 1
configure: failed program was:
| /* confdefs.h.  */
| #define PACKAGE_NAME "FULL-PACKAGE-NAME"
| #define PACKAGE_TARNAME "full-package-name"
| #define PACKAGE_VERSION "VERSION"
| #define PACKAGE_STRING "FULL-PACKAGE-NAME VERSION"
| #define PACKAGE_BUGREPORT "BUG-REPORT-ADDRESS"
| #define PACKAGE ""
| #define VERSION ""
| #define HAVE_LIBM 1
| #define HAVE_LIBPTHREAD 1
| /* end confdefs.h.  */
| 
| int
| main ()
| {
| 
|   ;
|   return 0;
| }
configure:4472: result: no
configure:4497: checking dependency style of /usr/local/cuda32/cuda//bin/nvcc
configure:4588: result: none
configure:4615: result: yes
configure:4627: checking for main in cudasdk
configure:4664: result: no
configure:4675: checking for main in -lgslblas
configure:4711: result: yes
configure:4733: checking for main in -lmpich
configure:5237: result: no
configure:5248: checking for main in qmdd
configure:5280: result: no
configure:5291: checking for STDR
configure:5308: result: yes
configure:5323: checking for grep that handles long lines and -e
configure:5397: result: /usr/bin/grep
configure:5402: checking for egrep
configure:5480: result: /usr/bin/grep -E
configure:5485: checking for ANSI C header files
configure:5515: gcc -c   conftest.c >&5
configure:5521: $? = 0
configure:5620: gcc -o conftest   -L./  -L/usr/local/cuda32/cuda//lib/cuda -lcudart -L/usr/local//lib -lgslcblas -lgsl conftest.c -lpthread -lm  >&5
/usr/lib64/gcc/x86_64-suse-linux/4.3/../../../../x86_64-suse-linux/bin/ld: cannot find -lcudart
collect2: ld returned 1 exit status
configure:5623: $? = 1
configure: program exited with status 1
configure: failed program was:
| /* confdefs.h.  */
| #define PACKAGE_NAME "FULL-PACKAGE-NAME"
| #define PACKAGE_TARNAME "full-package-name"
| #define PACKAGE_VERSION "VERSION"
| #define PACKAGE_STRING "FULL-PACKAGE-NAME VERSION"
| #define PACKAGE_BUGREPORT "BUG-REPORT-ADDRESS"
| #define PACKAGE ""
| #define VERSION ""
| #define HAVE_LIBM 1
| #define HAVE_LIBPTHREAD 1
| /* end confdefs.h.  */
| #include <ctype.h>
| #include <stdlib.h>
| #if ((' ' & 0x0FF) == 0x020)
| # define ISLOWER(c) ('a' <= (c) && (c) <= 'z')
| # define TOUPPER(c) (ISLOWER(c) ? 'A' + ((c) - 'a') : (c))
| #else
| # define ISLOWER(c) 		   (('a' <= (c) && (c) <= 'i') 		     || ('j' <= (c) && (c) <= 'r') 		     || ('s' <= (c) && (c) <= 'z'))
| # define TOUPPER(c) (ISLOWER(c) ? ((c) | 0x40) : (c))
| #endif
| 
| #define XOR(e, f) (((e) && !(f)) || (!(e) && (f)))
| int
| main ()
| {
|   int i;
|   for (i = 0; i < 256; i++)
|     if (XOR (islower (i), ISLOWER (i))
| 	|| toupper (i) != TOUPPER (i))
|       return 2;
|   return 0;
| }
configure:5649: result: no
configure:5659: checking for sys/wait.h that is POSIX.1 compatible
configure:5695: gcc -c   conftest.c >&5
configure:5701: $? = 0
configure:5716: result: yes
configure:5740: checking for sys/types.h
configure:5761: gcc -c   conftest.c >&5
configure:5767: $? = 0
configure:5783: result: yes
configure:5740: checking for sys/stat.h
configure:5761: gcc -c   conftest.c >&5
configure:5767: $? = 0
configure:5783: result: yes
configure:5740: checking for stdlib.h
configure:5761: gcc -c   conftest.c >&5
configure:5767: $? = 0
configure:5783: result: yes
configure:5740: checking for string.h
configure:5761: gcc -c   conftest.c >&5
configure:5767: $? = 0
configure:5783: result: yes
configure:5740: checking for memory.h
configure:5761: gcc -c   conftest.c >&5
configure:5767: $? = 0
configure:5783: result: yes
configure:5740: checking for strings.h
configure:5761: gcc -c   conftest.c >&5
configure:5767: $? = 0
configure:5783: result: yes
configure:5740: checking for inttypes.h
configure:5761: gcc -c   conftest.c >&5
configure:5767: $? = 0
configure:5783: result: yes
configure:5740: checking for stdint.h
configure:5761: gcc -c   conftest.c >&5
configure:5767: $? = 0
configure:5783: result: yes
configure:5740: checking for unistd.h
configure:5761: gcc -c   conftest.c >&5
configure:5767: $? = 0
configure:5783: result: yes
configure:5803: checking for stdint.h
configure:5809: result: yes
configure:5803: checking for stdlib.h
configure:5809: result: yes
configure:5813: checking sys/time.h usability
configure:5830: gcc -c   conftest.c >&5
configure:5836: $? = 0
configure:5850: result: yes
configure:5854: checking sys/time.h presence
configure:5869: gcc -E  conftest.c
configure:5875: $? = 0
configure:5889: result: yes
configure:5922: checking for sys/time.h
configure:5930: result: yes
configure:5803: checking for unistd.h
configure:5809: result: yes
configure:5945: checking for stdbool.h that conforms to C99
configure:6038: gcc -c   conftest.c >&5
configure:6044: $? = 0
configure:6059: result: yes
configure:6061: checking for _Bool
configure:6091: gcc -c   conftest.c >&5
configure:6097: $? = 0
configure:6112: result: yes
configure:6131: checking for an ANSI C-conforming const
configure:6206: gcc -c   conftest.c >&5
configure:6212: $? = 0
configure:6227: result: yes
configure:6237: checking for inline
configure:6263: gcc -c   conftest.c >&5
configure:6269: $? = 0
configure:6287: result: inline
configure:6306: checking for pid_t
configure:6336: gcc -c   conftest.c >&5
configure:6342: $? = 0
configure:6357: result: yes
configure:6369: checking whether struct tm is in sys/time.h or time.h
configure:6399: gcc -c   conftest.c >&5
configure:6405: $? = 0
configure:6420: result: time.h
configure:6431: checking for uint64_t
configure:6462: gcc -c   conftest.c >&5
configure:6468: $? = 0
configure:6489: result: yes
configure:6513: checking for stdlib.h
configure:6519: result: yes
configure:6653: checking for GNU libc compatible malloc
configure:6687: gcc -o conftest   -L./  -L/usr/local/cuda32/cuda//lib/cuda -lcudart -L/usr/local//lib -lgslcblas -lgsl conftest.c -lpthread -lm  >&5
/usr/lib64/gcc/x86_64-suse-linux/4.3/../../../../x86_64-suse-linux/bin/ld: cannot find -lcudart
collect2: ld returned 1 exit status
configure:6690: $? = 1
configure: program exited with status 1
configure: failed program was:
| /* confdefs.h.  */
| #define PACKAGE_NAME "FULL-PACKAGE-NAME"
| #define PACKAGE_TARNAME "full-package-name"
| #define PACKAGE_VERSION "VERSION"
| #define PACKAGE_STRING "FULL-PACKAGE-NAME VERSION"
| #define PACKAGE_BUGREPORT "BUG-REPORT-ADDRESS"
| #define PACKAGE ""
| #define VERSION ""
| #define HAVE_LIBM 1
| #define HAVE_LIBPTHREAD 1
| #define HAVE_SYS_WAIT_H 1
| #define HAVE_SYS_TYPES_H 1
| #define HAVE_SYS_STAT_H 1
| #define HAVE_STDLIB_H 1
| #define HAVE_STRING_H 1
| #define HAVE_MEMORY_H 1
| #define HAVE_STRINGS_H 1
| #define HAVE_INTTYPES_H 1
| #define HAVE_STDINT_H 1
| #define HAVE_UNISTD_H 1
| #define HAVE_STDINT_H 1
| #define HAVE_STDLIB_H 1
| #define HAVE_SYS_TIME_H 1
| #define HAVE_UNISTD_H 1
| #define HAVE__BOOL 1
| #define HAVE_STDBOOL_H 1
| #define HAVE_STDLIB_H 1
| /* end confdefs.h.  */
| #if defined STDC_HEADERS || defined HAVE_STDLIB_H
| # include <stdlib.h>
| #else
| char *malloc ();
| #endif
| 
| int
| main ()
| {
| return ! malloc (0);
|   ;
|   return 0;
| }
configure:6715: result: no
configure:6749: checking for getpagesize
configure:6805: gcc -o conftest   -L./  -L/usr/local/cuda32/cuda//lib/cuda -lcudart -L/usr/local//lib -lgslcblas -lgsl conftest.c -lpthread -lm  >&5
/usr/lib64/gcc/x86_64-suse-linux/4.3/../../../../x86_64-suse-linux/bin/ld: cannot find -lcudart
collect2: ld returned 1 exit status
configure:6811: $? = 1
configure: failed program was:
| /* confdefs.h.  */
| #define PACKAGE_NAME "FULL-PACKAGE-NAME"
| #define PACKAGE_TARNAME "full-package-name"
| #define PACKAGE_VERSION "VERSION"
| #define PACKAGE_STRING "FULL-PACKAGE-NAME VERSION"
| #define PACKAGE_BUGREPORT "BUG-REPORT-ADDRESS"
| #define PACKAGE ""
| #define VERSION ""
| #define HAVE_LIBM 1
| #define HAVE_LIBPTHREAD 1
| #define HAVE_SYS_WAIT_H 1
| #define HAVE_SYS_TYPES_H 1
| #define HAVE_SYS_STAT_H 1
| #define HAVE_STDLIB_H 1
| #define HAVE_STRING_H 1
| #define HAVE_MEMORY_H 1
| #define HAVE_STRINGS_H 1
| #define HAVE_INTTYPES_H 1
| #define HAVE_STDINT_H 1
| #define HAVE_UNISTD_H 1
| #define HAVE_STDINT_H 1
| #define HAVE_STDLIB_H 1
| #define HAVE_SYS_TIME_H 1
| #define HAVE_UNISTD_H 1
| #define HAVE__BOOL 1
| #define HAVE_STDBOOL_H 1
| #define HAVE_STDLIB_H 1
| #define HAVE_MALLOC 0
| #define malloc rpl_malloc
| /* end confdefs.h.  */
| /* Define getpagesize to an innocuous variant, in case <limits.h> declares getpagesize.
|    For example, HP-UX 11i <limits.h> declares gettimeofday.  */
| #define getpagesize innocuous_getpagesize
| 
| /* System header to define __stub macros and hopefully few prototypes,
|     which can conflict with char getpagesize (); below.
|     Prefer <limits.h> to <assert.h> if __STDC__ is defined, since
|     <limits.h> exists even on freestanding compilers.  */
| 
| #ifdef __STDC__
| # include <limits.h>
| #else
| # include <assert.h>
| #endif
| 
| #undef getpagesize
| 
| /* Override any GCC internal prototype to avoid an error.
|    Use char because int might match the return type of a GCC
|    builtin and then its argument prototype would still apply.  */
| #ifdef __cplusplus
| extern "C"
| #endif
| char getpagesize ();
| /* The GNU C library defines this for functions which it implements
|     to always fail with ENOSYS.  Some functions are actually named
|     something starting with __ and the normal name is an alias.  */
| #if defined __stub_getpagesize || defined __stub___getpagesize
| choke me
| #endif
| 
| int
| main ()
| {
| return getpagesize ();
|   ;
|   return 0;
| }
configure:6829: result: no
configure:6749: checking for pow
configure:6805: gcc -o conftest   -L./  -L/usr/local/cuda32/cuda//lib/cuda -lcudart -L/usr/local//lib -lgslcblas -lgsl conftest.c -lpthread -lm  >&5
conftest.c:54: warning: conflicting types for built-in function 'pow'
/usr/lib64/gcc/x86_64-suse-linux/4.3/../../../../x86_64-suse-linux/bin/ld: cannot find -lcudart
collect2: ld returned 1 exit status
configure:6811: $? = 1
configure: failed program was:
| /* confdefs.h.  */
| #define PACKAGE_NAME "FULL-PACKAGE-NAME"
| #define PACKAGE_TARNAME "full-package-name"
| #define PACKAGE_VERSION "VERSION"
| #define PACKAGE_STRING "FULL-PACKAGE-NAME VERSION"
| #define PACKAGE_BUGREPORT "BUG-REPORT-ADDRESS"
| #define PACKAGE ""
| #define VERSION ""
| #define HAVE_LIBM 1
| #define HAVE_LIBPTHREAD 1
| #define HAVE_SYS_WAIT_H 1
| #define HAVE_SYS_TYPES_H 1
| #define HAVE_SYS_STAT_H 1
| #define HAVE_STDLIB_H 1
| #define HAVE_STRING_H 1
| #define HAVE_MEMORY_H 1
| #define HAVE_STRINGS_H 1
| #define HAVE_INTTYPES_H 1
| #define HAVE_STDINT_H 1
| #define HAVE_UNISTD_H 1
| #define HAVE_STDINT_H 1
| #define HAVE_STDLIB_H 1
| #define HAVE_SYS_TIME_H 1
| #define HAVE_UNISTD_H 1
| #define HAVE__BOOL 1
| #define HAVE_STDBOOL_H 1
| #define HAVE_STDLIB_H 1
| #define HAVE_MALLOC 0
| #define malloc rpl_malloc
| /* end confdefs.h.  */
| /* Define pow to an innocuous variant, in case <limits.h> declares pow.
|    For example, HP-UX 11i <limits.h> declares gettimeofday.  */
| #define pow innocuous_pow
| 
| /* System header to define __stub macros and hopefully few prototypes,
|     which can conflict with char pow (); below.
|     Prefer <limits.h> to <assert.h> if __STDC__ is defined, since
|     <limits.h> exists even on freestanding compilers.  */
| 
| #ifdef __STDC__
| # include <limits.h>
| #else
| # include <assert.h>
| #endif
| 
| #undef pow
| 
| /* Override any GCC internal prototype to avoid an error.
|    Use char because int might match the return type of a GCC
|    builtin and then its argument prototype would still apply.  */
| #ifdef __cplusplus
| extern "C"
| #endif
| char pow ();
| /* The GNU C library defines this for functions which it implements
|     to always fail with ENOSYS.  Some functions are actually named
|     something starting with __ and the normal name is an alias.  */
| #if defined __stub_pow || defined __stub___pow
| choke me
| #endif
| 
| int
| main ()
| {
| return pow ();
|   ;
|   return 0;
| }
configure:6829: result: no
configure:6749: checking for sqrt
configure:6805: gcc -o conftest   -L./  -L/usr/local/cuda32/cuda//lib/cuda -lcudart -L/usr/local//lib -lgslcblas -lgsl conftest.c -lpthread -lm  >&5
conftest.c:54: warning: conflicting types for built-in function 'sqrt'
/usr/lib64/gcc/x86_64-suse-linux/4.3/../../../../x86_64-suse-linux/bin/ld: cannot find -lcudart
collect2: ld returned 1 exit status
configure:6811: $? = 1
configure: failed program was:
| /* confdefs.h.  */
| #define PACKAGE_NAME "FULL-PACKAGE-NAME"
| #define PACKAGE_TARNAME "full-package-name"
| #define PACKAGE_VERSION "VERSION"
| #define PACKAGE_STRING "FULL-PACKAGE-NAME VERSION"
| #define PACKAGE_BUGREPORT "BUG-REPORT-ADDRESS"
| #define PACKAGE ""
| #define VERSION ""
| #define HAVE_LIBM 1
| #define HAVE_LIBPTHREAD 1
| #define HAVE_SYS_WAIT_H 1
| #define HAVE_SYS_TYPES_H 1
| #define HAVE_SYS_STAT_H 1
| #define HAVE_STDLIB_H 1
| #define HAVE_STRING_H 1
| #define HAVE_MEMORY_H 1
| #define HAVE_STRINGS_H 1
| #define HAVE_INTTYPES_H 1
| #define HAVE_STDINT_H 1
| #define HAVE_UNISTD_H 1
| #define HAVE_STDINT_H 1
| #define HAVE_STDLIB_H 1
| #define HAVE_SYS_TIME_H 1
| #define HAVE_UNISTD_H 1
| #define HAVE__BOOL 1
| #define HAVE_STDBOOL_H 1
| #define HAVE_STDLIB_H 1
| #define HAVE_MALLOC 0
| #define malloc rpl_malloc
| /* end confdefs.h.  */
| /* Define sqrt to an innocuous variant, in case <limits.h> declares sqrt.
|    For example, HP-UX 11i <limits.h> declares gettimeofday.  */
| #define sqrt innocuous_sqrt
| 
| /* System header to define __stub macros and hopefully few prototypes,
|     which can conflict with char sqrt (); below.
|     Prefer <limits.h> to <assert.h> if __STDC__ is defined, since
|     <limits.h> exists even on freestanding compilers.  */
| 
| #ifdef __STDC__
| # include <limits.h>
| #else
| # include <assert.h>
| #endif
| 
| #undef sqrt
| 
| /* Override any GCC internal prototype to avoid an error.
|    Use char because int might match the return type of a GCC
|    builtin and then its argument prototype would still apply.  */
| #ifdef __cplusplus
| extern "C"
| #endif
| char sqrt ();
| /* The GNU C library defines this for functions which it implements
|     to always fail with ENOSYS.  Some functions are actually named
|     something starting with __ and the normal name is an alias.  */
| #if defined __stub_sqrt || defined __stub___sqrt
| choke me
| #endif
| 
| int
| main ()
| {
| return sqrt ();
|   ;
|   return 0;
| }
configure:6829: result: no
configure:7022: creating ./config.status

## ---------------------- ##
## Running config.status. ##
## ---------------------- ##

This file was extended by FULL-PACKAGE-NAME config.status VERSION, which was
generated by GNU Autoconf 2.61.  Invocation command line was

  CONFIG_FILES    = 
  CONFIG_HEADERS  = 
  CONFIG_LINKS    = 
  CONFIG_COMMANDS = 
  $ ./config.status 

on UltraSim

config.status:675: creating Makefile
config.status:675: creating src/Makefile
config.status:675: creating config.h
config.status:912: config.h is unchanged
config.status:959: executing depfiles commands

## ---------------- ##
## Cache variables. ##
## ---------------- ##

ac_cv_c_compiler_gnu=yes
ac_cv_c_const=yes
ac_cv_c_inline=inline
ac_cv_c_uint64_t=yes
ac_cv_cxx_compiler_gnu=no
ac_cv_env_CCC_set=
ac_cv_env_CCC_value=
ac_cv_env_CC_set=
ac_cv_env_CC_value=
ac_cv_env_CFLAGS_set=
ac_cv_env_CFLAGS_value=
ac_cv_env_CPPFLAGS_set=
ac_cv_env_CPPFLAGS_value=
ac_cv_env_CPP_set=
ac_cv_env_CPP_value=
ac_cv_env_CXXFLAGS_set=
ac_cv_env_CXXFLAGS_value=
ac_cv_env_CXX_set=
ac_cv_env_CXX_value=
ac_cv_env_LDFLAGS_set=
ac_cv_env_LDFLAGS_value=
ac_cv_env_LIBS_set=
ac_cv_env_LIBS_value=
ac_cv_env_build_alias_set=
ac_cv_env_build_alias_value=
ac_cv_env_host_alias_set=
ac_cv_env_host_alias_value=
ac_cv_env_target_alias_set=
ac_cv_env_target_alias_value=
ac_cv_func_getpagesize=no
ac_cv_func_malloc_0_nonnull=no
ac_cv_func_pow=no
ac_cv_func_sqrt=no
ac_cv_header_inttypes_h=yes
ac_cv_header_memory_h=yes
ac_cv_header_stdbool_h=yes
ac_cv_header_stdc=no
ac_cv_header_stdint_h=yes
ac_cv_header_stdlib_h=yes
ac_cv_header_string_h=yes
ac_cv_header_strings_h=yes
ac_cv_header_sys_stat_h=yes
ac_cv_header_sys_time_h=yes
ac_cv_header_sys_types_h=yes
ac_cv_header_sys_wait_h=yes
ac_cv_header_unistd_h=yes
ac_cv_lib_guide_main=no
ac_cv_lib_m_main=yes
ac_cv_lib_pthread_main=yes
ac_cv_objext=o
ac_cv_path_EGREP='/usr/bin/grep -E'
ac_cv_path_GREP=/usr/bin/grep
ac_cv_path_install='/usr/bin/install -c'
ac_cv_path_mkdir=/bin/mkdir
ac_cv_prog_AWK=gawk
ac_cv_prog_CPP='gcc -E'
ac_cv_prog_ac_ct_CC=gcc
ac_cv_prog_ac_ct_RANLIB=ranlib
ac_cv_prog_cc_c89=
ac_cv_prog_cc_g=yes
ac_cv_prog_cxx_g=no
ac_cv_prog_make_make_set=yes
ac_cv_struct_tm=time.h
ac_cv_type__Bool=yes
ac_cv_type_pid_t=yes
am_cv_CC_dependencies_compiler_type=gcc3
am_cv_CXX_dependencies_compiler_type=none

## ----------------- ##
## Output variables. ##
## ----------------- ##

ACLOCAL='${SHELL} /home/local_space/Epig_ALL_CUDA_MV_MULTI_Y_GATES/missing --run aclocal-1.10'
AMDEPBACKSLASH='\'
AMDEP_FALSE='#'
AMDEP_TRUE=''
AMTAR='${SHELL} /home/local_space/Epig_ALL_CUDA_MV_MULTI_Y_GATES/missing --run tar'
AUTOCONF='${SHELL} /home/local_space/Epig_ALL_CUDA_MV_MULTI_Y_GATES/missing --run autoconf'
AUTOHEADER='${SHELL} /home/local_space/Epig_ALL_CUDA_MV_MULTI_Y_GATES/missing --run autoheader'
AUTOMAKE='${SHELL} /home/local_space/Epig_ALL_CUDA_MV_MULTI_Y_GATES/missing --run automake-1.10'
AWK='gawk'
BITAGE='32'
CC='gcc'
CCDEPMODE='depmode=gcc3'
CFLAGS=''
CPP='gcc -E'
CPPFLAGS=''
CUDASDK_CFLAGS=''
CUDASDK_FALSE=''
CUDASDK_LIBS=''
CUDASDK_PREFIX=''
CUDASDK_TRUE='#'
CUDA_CFLAGS='-I/usr/local/cuda32/cuda//include'
CUDA_FALSE='#'
CUDA_LIBS=' -L/usr/local/cuda32/cuda//lib/cuda -lcudart'
CUDA_PREFIX='/usr/local/cuda32/cuda/'
CUDA_TRUE=''
CXX='/usr/local/cuda32/cuda//bin/nvcc'
CXXDEPMODE='depmode=none'
CXXFLAGS=' -I/usr/local/cuda32/cuda//include -D__GSLBLAS__ -I/usr/local//include/gsl -m32 -D__STDR__'
CYGPATH_W='echo'
DEFS='-DHAVE_CONFIG_H'
DEPDIR='.deps'
ECHO_C=''
ECHO_N='-n'
ECHO_T=''
EGREP='/usr/bin/grep -E'
EXEEXT=''
GREP='/usr/bin/grep'
GSLBLAS_CFLAGS='-D__GSLBLAS__ -I/usr/local//include/gsl'
GSLBLAS_FALSE='#'
GSLBLAS_LIBS='-L/usr/local//lib -lgslcblas -lgsl'
GSLBLAS_PREFIX='/usr/local/'
GSLBLAS_TRUE=''
INSTALL_DATA='${INSTALL} -m 644'
INSTALL_PROGRAM='${INSTALL}'
INSTALL_SCRIPT='${INSTALL}'
INSTALL_STRIP_PROGRAM='$(install_sh) -c -s'
LDFLAGS='-L./  -L/usr/local/cuda32/cuda//lib/cuda -lcudart -L/usr/local//lib -lgslcblas -lgsl'
LIBOBJS=' ${LIBOBJDIR}malloc$U.o'
LIBS='-lpthread -lm '
LN_S='ln -s'
LTLIBOBJS=' ${LIBOBJDIR}malloc$U.lo'
MAKEINFO='${SHELL} /home/local_space/Epig_ALL_CUDA_MV_MULTI_Y_GATES/missing --run makeinfo'
MPI_CFLAGS=''
MPI_FALSE=''
MPI_LIBS=''
MPI_PREFIX=''
MPI_TRUE='#'
OBJEXT='o'
PACKAGE=''
PACKAGE_BUGREPORT='BUG-REPORT-ADDRESS'
PACKAGE_NAME='FULL-PACKAGE-NAME'
PACKAGE_STRING='FULL-PACKAGE-NAME VERSION'
PACKAGE_TARNAME='full-package-name'
PACKAGE_VERSION='VERSION'
PATH_SEPARATOR=':'
QMDD_CFLAGS=''
QMDD_FALSE=''
QMDD_LIBS=''
QMDD_PREFIX=''
QMDD_TRUE='#'
RANLIB='ranlib'
SET_MAKE=''
SHELL='/bin/sh'
STDR_FALSE='#'
STDR_TRUE=''
STRIP=''
VERSION=''
ac_ct_CC='gcc'
ac_ct_CXX=''
am__fastdepCC_FALSE='#'
am__fastdepCC_TRUE=''
am__fastdepCXX_FALSE=''
am__fastdepCXX_TRUE='#'
am__include='include'
am__isrc=''
am__leading_dot='.'
am__quote=''
am__tar='${AMTAR} chof - "$$tardir"'
am__untar='${AMTAR} xf -'
bindir='${exec_prefix}/bin'
build_alias=''
datadir='${datarootdir}'
datarootdir='${prefix}/share'
docdir='${datarootdir}/doc/${PACKAGE_TARNAME}'
dvidir='${docdir}'
exec_prefix='${prefix}'
host_alias=''
htmldir='${docdir}'
includedir='${prefix}/include'
infodir='${datarootdir}/info'
install_sh='$(SHELL) /home/local_space/Epig_ALL_CUDA_MV_MULTI_Y_GATES/install-sh'
libdir='${exec_prefix}/lib'
libexecdir='${exec_prefix}/libexec'
localedir='${datarootdir}/locale'
localstatedir='${prefix}/var'
mandir='${datarootdir}/man'
mkdir_p='/bin/mkdir -p'
oldincludedir='/usr/include'
pdfdir='${docdir}'
prefix='/usr/local'
program_transform_name='s,x,x,'
psdir='${docdir}'
sbindir='${exec_prefix}/sbin'
sharedstatedir='${prefix}/com'
sysconfdir='${prefix}/etc'
target_alias=''

## ----------- ##
## confdefs.h. ##
## ----------- ##

#define PACKAGE_NAME "FULL-PACKAGE-NAME"
#define PACKAGE_TARNAME "full-package-name"
#define PACKAGE_VERSION "VERSION"
#define PACKAGE_STRING "FULL-PACKAGE-NAME VERSION"
#define PACKAGE_BUGREPORT "BUG-REPORT-ADDRESS"
#define PACKAGE ""
#define VERSION ""
#define HAVE_LIBM 1
#define HAVE_LIBPTHREAD 1
#define HAVE_SYS_WAIT_H 1
#define HAVE_SYS_TYPES_H 1
#define HAVE_SYS_STAT_H 1
#define HAVE_STDLIB_H 1
#define HAVE_STRING_H 1
#define HAVE_MEMORY_H 1
#define HAVE_STRINGS_H 1
#define HAVE_INTTYPES_H 1
#define HAVE_STDINT_H 1
#define HAVE_UNISTD_H 1
#define HAVE_STDINT_H 1
#define HAVE_STDLIB_H 1
#define HAVE_SYS_TIME_H 1
#define HAVE_UNISTD_H 1
#define HAVE__BOOL 1
#define HAVE_STDBOOL_H 1
#define HAVE_STDLIB_H 1
#define HAVE_MALLOC 0
#define malloc rpl_malloc

configure: exit 0

## ---------------------- ##
## Running config.status. ##
## ---------------------- ##

This file was extended by FULL-PACKAGE-NAME config.status VERSION, which was
generated by GNU Autoconf 2.61.  Invocation command line was

  CONFIG_FILES    = 
  CONFIG_HEADERS  = 
  CONFIG_LINKS    = 
  CONFIG_COMMANDS = 
  $ ./config.status config.h

on UltraSim

config.status:675: creating config.h
config.status:912: config.h is unchanged

## ---------------------- ##
## Running config.status. ##
## ---------------------- ##

This file was extended by FULL-PACKAGE-NAME config.status VERSION, which was
generated by GNU Autoconf 2.61.  Invocation command line was

  CONFIG_FILES    = 
  CONFIG_HEADERS  = 
  CONFIG_LINKS    = 
  CONFIG_COMMANDS = 
  $ ./config.status src/Makefile depfiles

on UltraSim

config.status:675: creating src/Makefile
config.status:959: executing depfiles commands

## ---------------------- ##
## Running config.status. ##
## ---------------------- ##

This file was extended by FULL-PACKAGE-NAME config.status VERSION, which was
generated by GNU Autoconf 2.61.  Invocation command line was

  CONFIG_FILES    = 
  CONFIG_HEADERS  = 
  CONFIG_LINKS    = 
  CONFIG_COMMANDS = 
  $ ./config.status src/Makefile depfiles

on UltraSim

config.status:675: creating src/Makefile
config.status:959: executing depfiles commands

## ---------------------- ##
## Running config.status. ##
## ---------------------- ##

This file was extended by FULL-PACKAGE-NAME config.status VERSION, which was
generated by GNU Autoconf 2.61.  Invocation command line was

  CONFIG_FILES    = 
  CONFIG_HEADERS  = 
  CONFIG_LINKS    = 
  CONFIG_COMMANDS = 
  $ ./config.status src/Makefile depfiles

on UltraSim

config.status:675: creating src/Makefile
config.status:959: executing depfiles commands

## ---------------------- ##
## Running config.status. ##
## ---------------------- ##

This file was extended by FULL-PACKAGE-NAME config.status VERSION, which was
generated by GNU Autoconf 2.61.  Invocation command line was

  CONFIG_FILES    = 
  CONFIG_HEADERS  = 
  CONFIG_LINKS    = 
  CONFIG_COMMANDS = 
  $ ./config.status src/Makefile depfiles

on UltraSim

config.status:675: creating src/Makefile
config.status:959: executing depfiles commands
