 -------------------------------------------------------- 
         output file of synthesis: settings               
 -------------------------------------------------------- 
 Size of the population:                                  200
 Number of segments in each circuit (approx):             5
 Minimal Number of segments in each circuit (approx):     2
 Number of GA generations before EX search starts:        10000000
 Total number of GA generations:                          300
 Mutation probability is:                                 0.1
 Crossover probability is:                                0.9
 Factor alpha is (for complex fitness):                   0.98
 Factor beta is (for complex fitness):                    0.02
 Factor alpha1 is (for pareto replication):               1
 Factor beta1 is  (for pareto replication):               1
 Estimated minimum cost of the goal circuit:              6
 Phase switch (0 - off, 1 - on):                          0
 Display level:                                           1
 -------------------------------------------------------- 
 Type of GA (0 - normal, 1 - Darwinian):                  0
 Type of mutation (0 - normal, 1 - bitwise):              0
 Type of crossover (0 - 1point, 1 - 2point):              0
 Type of replication (0 - RW, 1 - SUS):                   1
 Type of fitness (0 - simplest, 3 - complex):             1
 Fitness calculation (0 - individual, 1 - grouped):       0
 Pareto optimization (0 - no, 1 - yes):                   0
 Threshold replication (0 - no, other - threshold):       0.6
 The number of wires the final circuit has:               3
 Valuedness of designed logic:                            2
 Measurement used:                                        0
 Measured bits are:                                       
 -------------------------------------------------------- 
            The radix of this logic is:                   2
 -------------------------------------------------------- 
            Number of Input Gates:                        7
Representation: !
 Cost of the gate:  1
 IO of the gate:  1
 The name of this gate is: WIRE
(1,0) (0,0) 
(0,0) (1,0) 
Representation: "
 Cost of the gate:  1
 IO of the gate:  2
 The name of this gate is: CNOT2
(1,0) (0,0) (0,0) (0,0) 
(0,0) (1,0) (0,0) (0,0) 
(0,0) (0,0) (0,0) (1,0) 
(0,0) (0,0) (1,0) (0,0) 
Representation: #
 Cost of the gate:  1
 IO of the gate:  2
 The name of this gate is: CV2
(1,0) (0,0) (0,0) (0,0) 
(0,0) (1,0) (0,0) (0,0) 
(0,0) (0,0) (0.5,0.5) (0.5,-0.5) 
(0,0) (0,0) (0.5,-0.5) (0.5,0.5) 
Representation: $
 Cost of the gate:  1
 IO of the gate:  2
 The name of this gate is: CV+2
(1,0) (0,0) (0,0) (0,0) 
(0,0) (1,0) (0,0) (0,0) 
(0,0) (0,0) (0.5,-0.5) (0.5,0.5) 
(0,0) (0,0) (0.5,0.5) (0.5,-0.5) 
Representation: &
 Cost of the gate:  0
 IO of the gate:  3
 The name of this gate is: CIV+2
(1,0) (0,0) (0,0) (0,0) (0,0) (0,0) (0,0) (0,0) 
(0,0) (1,0) (0,0) (0,0) (0,0) (0,0) (0,0) (0,0) 
(0,0) (0,0) (1,0) (0,0) (0,0) (0,0) (0,0) (0,0) 
(0,0) (0,0) (0,0) (1,0) (0,0) (0,0) (0,0) (0,0) 
(0,0) (0,0) (0,0) (0,0) (0.5,-0.5) (0.5,0.5) (0,0) (0,0) 
(0,0) (0,0) (0,0) (0,0) (0.5,0.5) (0.5,-0.5) (0,0) (0,0) 
(0,0) (0,0) (0,0) (0,0) (0,0) (0,0) (0.5,-0.5) (0.5,0.5) 
(0,0) (0,0) (0,0) (0,0) (0,0) (0,0) (0.5,0.5) (0.5,-0.5) 
Representation: '
 Cost of the gate:  0
 IO of the gate:  3
 The name of this gate is: CIV2
(1,0) (0,0) (0,0) (0,0) (0,0) (0,0) (0,0) (0,0) 
(0,0) (1,0) (0,0) (0,0) (0,0) (0,0) (0,0) (0,0) 
(0,0) (0,0) (1,0) (0,0) (0,0) (0,0) (0,0) (0,0) 
(0,0) (0,0) (0,0) (1,0) (0,0) (0,0) (0,0) (0,0) 
(0,0) (0,0) (0,0) (0,0) (0.5,0.5) (0.5,-0.5) (0,0) (0,0) 
(0,0) (0,0) (0,0) (0,0) (0.5,-0.5) (0.5,0.5) (0,0) (0,0) 
(0,0) (0,0) (0,0) (0,0) (0,0) (0,0) (0.5,0.5) (0.5,-0.5) 
(0,0) (0,0) (0,0) (0,0) (0,0) (0,0) (0.5,-0.5) (0.5,0.5) 
Representation: (
 Cost of the gate:  0
 IO of the gate:  3
 The name of this gate is: CINOT2
(1,0) (0,0) (0,0) (0,0) (0,0) (0,0) (0,0) (0,0) 
(0,0) (1,0) (0,0) (0,0) (0,0) (0,0) (0,0) (0,0) 
(0,0) (0,0) (1,0) (0,0) (0,0) (0,0) (0,0) (0,0) 
(0,0) (0,0) (0,0) (1,0) (0,0) (0,0) (0,0) (0,0) 
(0,0) (0,0) (0,0) (0,0) (0,0) (1,0) (0,0) (0,0) 
(0,0) (0,0) (0,0) (0,0) (1,0) (0,0) (0,0) (0,0) 
(0,0) (0,0) (0,0) (0,0) (0,0) (0,0) (0,0) (1,0) 
(0,0) (0,0) (0,0) (0,0) (0,0) (0,0) (1,0) (0,0) 
 -------- Generating the desired output evaluation ------ 
 Desired Gate: 

 IO of the gate:  3
(1,0) (0,0) (0,0) (0,0) (0,0) (0,0) (0,0) (0,0) 
(0,0) (1,0) (0,0) (0,0) (0,0) (0,0) (0,0) (0,0) 
(0,0) (0,0) (1,0) (0,0) (0,0) (0,0) (0,0) (0,0) 
(0,0) (0,0) (0,0) (1,0) (0,0) (0,0) (0,0) (0,0) 
(0,0) (0,0) (0,0) (0,0) (1,0) (0,0) (0,0) (0,0) 
(0,0) (0,0) (0,0) (0,0) (0,0) (1,0) (0,0) (0,0) 
(0,0) (0,0) (0,0) (0,0) (0,0) (0,0) (0,0) (1,0) 
(0,0) (0,0) (0,0) (0,0) (0,0) (0,0) (1,0) (0,0) 
 -------------------------------------------------------- 
                   Output of synthesis:                   
 -------------------------------------------------------- 
Matrix: 
(1,0)(0,0)(0,0)(0,0)(0,0)(0,0)(0,0)(0,0)
(0,0)(1,0)(0,0)(0,0)(0,0)(0,0)(0,0)(0,0)
(0,0)(0,0)(1,0)(0,0)(0,0)(0,0)(0,0)(0,0)
(0,0)(0,0)(0,0)(1,0)(0,0)(0,0)(0,0)(0,0)
(0,0)(0,0)(0,0)(0,0)(0.5,0.5)(0.5,-0.5)(0,0)(0,0)
(0,0)(0,0)(0,0)(0,0)(0.5,-0.5)(0.5,0.5)(0,0)(0,0)
(0,0)(0,0)(0,0)(0,0)(0,0)(0,0)(0.5,0.5)(0.5,-0.5)
(0,0)(0,0)(0,0)(0,0)(0,0)(0,0)(0.5,-0.5)(0.5,0.5)

 -------- 

Initialization done
---------------------------
 Generation at 0
---------------------------
----- Best Individual -----
3 <- number of inputs 
p"!pp#!pp$!pp!$pp'pp"!pp!#p <- Representation 
1 <- Fitness 
0 <- Error 
0 <- Cost 
2 <- Radix 
Matrix: 
(1,0)(0,0)(0,0)(0,0)(0,0)(0,0)(0,0)(0,0)
(0,0)(1,0)(0,0)(0,0)(0,0)(0,0)(0,0)(0,0)
(0,0)(0,0)(1,0)(0,0)(0,0)(0,0)(0,0)(0,0)
(0,0)(0,0)(0,0)(1,0)(0,0)(0,0)(0,0)(0,0)
(0,0)(0,0)(0,0)(0,0)(1,0)(0,0)(0,0)(0,0)
(0,0)(0,0)(0,0)(0,0)(0,0)(1,0)(0,0)(0,0)
(0,0)(0,0)(0,0)(0,0)(0,0)(0,0)(0,0)(1,0)
(0,0)(0,0)(0,0)(0,0)(0,0)(0,0)(1,0)(0,0)

 -------- 
---------------------------
 Solution found 


---------------------------
 Generation at 1
---------------------------
----- Best Individual -----
3 <- number of inputs 
p"!pp#!pp$!pp!$pp'pp"!pp!#p <- Representation 
1 <- Fitness 
0 <- Error 
0 <- Cost 
2 <- Radix 
Matrix: 
(1,0)(0,0)(0,0)(0,0)(0,0)(0,0)(0,0)(0,0)
(0,0)(1,0)(0,0)(0,0)(0,0)(0,0)(0,0)(0,0)
(0,0)(0,0)(1,0)(0,0)(0,0)(0,0)(0,0)(0,0)
(0,0)(0,0)(0,0)(1,0)(0,0)(0,0)(0,0)(0,0)
(0,0)(0,0)(0,0)(0,0)(1,0)(0,0)(0,0)(0,0)
(0,0)(0,0)(0,0)(0,0)(0,0)(1,0)(0,0)(0,0)
(0,0)(0,0)(0,0)(0,0)(0,0)(0,0)(0,0)(1,0)
(0,0)(0,0)(0,0)(0,0)(0,0)(0,0)(1,0)(0,0)

 -------- 
---------------------------
-----Results------
Avg. Fitness, Best Fit.,  Avg. Error,    Avg. Cost  
0.87952  1  0.154983  0  
0  0  0  0  
0  0  0  0  
0  0  0  0  
0  0  0  0  
0  0  0  0  
0  0  0  0  
0  0  0  0  
0  0  0  0  
0  0  0  0  
0  0  0  0  
0  0  0  0  
0  0  0  0  
0  0  0  0  
0  0  0  0  
0  0  0  0  
0  0  0  0  
0  0  0  0  
0  0  0  0  
0  0  0  0  
0  0  0  0  
0  0  0  0  
0  0  0  0  
0  0  0  0  
0  0  0  0  
0  0  0  0  
0  0  0  0  
0  0  0  0  
0  0  0  0  
0  0  0  0  
0  0  0  0  
0  0  0  0  
0  0  0  0  
5.29981e-315  0  0  0  
0  0  0  0  
0  0  0  0  
0  0  0  0  
0  0  0  0  
0  0  0  0  
0  0  0  0  
0  0  0  0  
0  0  0  0  
0  0  0  0  
0  0  0  0  
0  0  0  0  
0  0  0  0  
0  0  0  0  
0  0  0  0  
0  0  0  0  
0  0  0  0  
0  0  0  0  
0  0  0  0  
0  0  0  0  
0  0  0  0  
0  0  0  0  
0  0  0  0  
0  0  0  0  
0  0  0  0  
0  0  0  0  
0  0  0  0  
0  0  0  0  
0  0  0  0  
0  0  0  0  
0  0  0  0  
0  0  0  0  
0  0  5.29981e-315  0  
0  0  0  0  
0  0  0  0  
0  0  0  0  
0  0  0  0  
0  0  0  0  
0  0  0  0  
0  0  0  0  
0  0  0  0  
0  0  0  0  
0  0  0  0  
0  0  0  0  
0  0  0  0  
0  0  0  0  
0  0  0  0  
0  0  0  0  
0  0  0  0  
0  0  0  0  
0  0  0  0  
0  0  0  0  
0  0  0  0  
0  0  0  0  
0  0  0  0  
0  0  0  0  
0  0  0  0  
0  0  0  0  
0  0  0  0  
0  0  0  0  
0  0  0  0  
0  0  0  0  
0  0  0  0  
0  0  0  0  
0  0  0  0  
5.29981e-315  0  0  0  
0  0  0  0  
0  0  0  0  
0  0  0  0  
0  0  0  0  
0  0  0  0  
0  0  0  0  
0  0  0  0  
0  0  0  0  
0  0  0  0  
0  0  0  0  
0  0  0  0  
0  0  0  0  
0  0  0  0  
0  0  0  0  
0  0  0  0  
0  0  0  0  
0  0  0  0  
0  0  0  0  
0  0  0  0  
0  0  0  0  
0  0  0  0  
0  0  0  0  
0  0  0  0  
0  0  0  0  
0  0  0  0  
0  0  0  0  
0  0  0  0  
0  0  0  0  
0  0  0  0  
0  0  0  0  
0  0  0  0  
0  0  5.29463e-315  5.29463e-315  
5.29463e-315  1.59046e-314  0  0  
0  0  0  0  
0  0  0  0  
0  0  0  0  
0  0  0  0  
0  0  0  0  
0  0  0  0  
0  0  0  0  
0  0  0  0  
0  0  0  0  
0  0  0  0  
0  0  0  0  
0  0  0  0  
0  0  0  0  
0  0  0  0  
0  0  0  0  
0  0  0  0  
0  0  0  0  
0  0  0  0  
0  0  0  0  
0  0  0  0  
0  0  0  0  
0  0  0  0  
0  0  0  0  
0  0  0  0  
0  0  0  0  
0  0  0  0  
0  0  0  0  
0  0  0  0  
0  0  0  0  
0  0  0  0  
0  0  5.29463e-315  1.59046e-314  
5.29463e-315  5.29463e-315  0  0  
0  0  0  0  
0  0  0  0  
0  0  0  0  
0  0  0  0  
0  0  0  0  
0  0  0  0  
0  0  0  0  
0  0  0  0  
0  0  0  0  
0  0  0  0  
0  0  0  0  
0  0  0  0  
0  0  0  0  
0  0  0  0  
0  0  0  0  
0  0  0  0  
0  0  0  0  
0  0  0  0  
0  0  0  0  
0  0  0  0  
0  0  0  0  
0  0  0  0  
0  0  0  0  
0  0  0  0  
0  0  0  0  
0  0  0  0  
0  0  0  0  
0  0  0  0  
0  0  0  0  
0  0  0  0  
0  0  0  0  
0  0  5.29463e-315  5.29463e-315  
5.29463e-315  1.59046e-314  0  0  
0  0  0  0  
0  0  0  0  
0  0  0  0  
0  0  0  0  
0  0  0  0  
0  0  0  0  
0  0  0  0  
0  0  0  0  
0  0  0  0  
0  0  0  0  
0  0  0  0  
0  0  0  0  
0  0  0  0  
0  0  0  0  
0  0  0  0  
0  0  0  0  
0  0  0  0  
0  0  0  0  
0  0  0  0  
0  0  0  0  
0  0  0  0  
0  0  0  0  
0  0  0  0  
0  0  0  0  
0  0  0  0  
0  0  0  0  
0  0  0  0  
0  0  0  0  
0  0  0  0  
0  0  0  0  
0  0  5.29463e-315  1.59046e-314  
5.29463e-315  5.29463e-315  0  0  
0  0  0  0  
0  0  0  0  
0  0  0  0  
0  0  0  0  
0  0  0  0  
0  0  0  0  
0  0  0  0  
0  0  0  0  
0  0  0  0  
0  0  0  0  
0  0  0  0  
0  0  0  0  
0  0  0  0  
0  0  0  0  
0  0  0  0  
0  0  0  0  
0  0  0  0  
0  0  0  0  
0  0  0  0  
0  0  0  0  
0  0  0  0  
0  0  0  0  
0  0  0  0  
0  0  0  0  
0  0  0  0  
0  0  0  0  
0  0  0  0  
0  0  0  0  
0  0  0  0  
0  0  0  0  
0  0  0  0  
0  0  0  0  
0  0  0  0  
0  0  0  0  
0  0  0  0  
0  0  0  0  
0  0  0  0  
0  0  0  0  
0  0  0  0  
0  0  0  0  
0  0  0  0  
0  0  0  0  
0  0  0  0  
0  0  0  0  
0  0  0  0  
0  0  0  0  
0  0  0  0  
0  0  0  0  
0  0  0  0  
0  0  0  0  
0  0  0  0  
0  0  0  0  
0  0  0  0  
0  0  0  0  
0  0  0  0  
0  0  0  0  
0  0  0  0  
0  0  0  0  
0  0  0  0  
0  0  0  0  
0  0  0  0  
0  0  0  0  
0  0  0  0  
0  0  0  0  
0  0  0  0  
0  0  0  0  
0  0  0  0  
0  0  0  0  
0  0  0  0  
0  0  0  0  
0  0  0  0  
-----Results------
